#
# There is insufficient memory for the Java Runtime Environment to continue.
# Native memory allocation (malloc) failed to allocate 876016 bytes. Error detail: Chunk::new
# Possible reasons:
#   The system is out of physical RAM or swap space
#   This process is running with CompressedOops enabled, and the Java Heap may be blocking the growth of the native heap
# Possible solutions:
#   Reduce memory load on the system
#   Increase physical memory or swap space
#   Check if swap backing store is full
#   Decrease Java heap size (-Xmx/-Xms)
#   Decrease number of Java threads
#   Decrease Java thread stack sizes (-Xss)
#   Set larger code cache with -XX:ReservedCodeCacheSize=
#   JVM is running with Unscaled Compressed Oops mode in which the Java heap is
#     placed in the first 4GB address space. The Java Heap base address is the
#     maximum limit for the native heap growth. Please use -XX:HeapBaseMinAddress
#     to set the Java Heap base and to place the Java Heap above 4GB virtual address.
# This output file may be truncated or incomplete.
#
#  Out of Memory Error (arena.cpp:168), pid=14928, tid=12152
#
# JRE version: OpenJDK Runtime Environment JBR-21.0.5+8-631.16-jcef (21.0.5+8) (build 21.0.5+8-b631.16)
# Java VM: OpenJDK 64-Bit Server VM JBR-21.0.5+8-631.16-jcef (21.0.5+8-b631.16, mixed mode, sharing, tiered, compressed oops, compressed class ptrs, g1 gc, windows-amd64)
# No core dump will be written. Minidumps are not enabled by default on client versions of Windows
#

---------------  S U M M A R Y ------------

Command Line: git4idea.http.GitAskPassApp Password for 'https://fkabreiddy@github.com': 

Host: Intel(R) Core(TM) i3-6006U CPU @ 2.00GHz, 4 cores, 7G,  Windows 11 , 64 bit Build 22621 (10.0.22621.5415)
Time: Tue Jul 15 23:11:27 2025 Hora estándar oeste, Sudamérica elapsed time: 3.031986 seconds (0d 0h 0m 3s)

---------------  T H R E A D  ---------------

Current thread (0x0000023a951dfbd0):  JavaThread "C2 CompilerThread1" daemon [_thread_in_native, id=12152, stack(0x000000f522500000,0x000000f522600000) (1024K)]


Current CompileTask:
C2:3032 1096       4       sun.security.ec.ECOperations::setDouble (463 bytes)

Stack: [0x000000f522500000,0x000000f522600000]
Native frames: (J=compiled Java code, j=interpreted, Vv=VM code, C=native code)
V  [jvm.dll+0x6e52b9]
V  [jvm.dll+0x8c3633]
V  [jvm.dll+0x8c5b8e]
V  [jvm.dll+0x8c6273]
V  [jvm.dll+0x288f46]
V  [jvm.dll+0xc66dd]
V  [jvm.dll+0xc6c13]
V  [jvm.dll+0x2feb50]
V  [jvm.dll+0x60c609]
V  [jvm.dll+0x2598a2]
V  [jvm.dll+0x259c5f]
V  [jvm.dll+0x252415]
V  [jvm.dll+0x24fc6e]
V  [jvm.dll+0x1cd6a4]
V  [jvm.dll+0x25f5dc]
V  [jvm.dll+0x25db26]
V  [jvm.dll+0x3ff5e6]
V  [jvm.dll+0x86b248]
V  [jvm.dll+0x6e3abd]
C  [ucrtbase.dll+0x29333]
C  [KERNEL32.DLL+0x1259d]
C  [ntdll.dll+0x5af78]


---------------  P R O C E S S  ---------------

Threads class SMR info:
_java_thread_list=0x0000023a4fcbdd60, length=15, elements={
0x0000023a35963660, 0x0000023a4f5ed200, 0x0000023a4f5ee0c0, 0x0000023a4f5f14c0,
0x0000023a4f5f33b0, 0x0000023a4f5f4900, 0x0000023a4f5f6b10, 0x0000023a4f5fb810,
0x0000023a4f6025a0, 0x0000023a4f9af8f0, 0x0000023a4f9b1d50, 0x0000023a4fc7d1b0,
0x0000023a950ad390, 0x0000023a95020260, 0x0000023a951dfbd0
}

Java Threads: ( => current thread )
  0x0000023a35963660 JavaThread "main"                              [_thread_blocked, id=15068, stack(0x000000f520f00000,0x000000f521000000) (1024K)]
  0x0000023a4f5ed200 JavaThread "Reference Handler"          daemon [_thread_blocked, id=4508, stack(0x000000f521700000,0x000000f521800000) (1024K)]
  0x0000023a4f5ee0c0 JavaThread "Finalizer"                  daemon [_thread_blocked, id=6820, stack(0x000000f521800000,0x000000f521900000) (1024K)]
  0x0000023a4f5f14c0 JavaThread "Signal Dispatcher"          daemon [_thread_blocked, id=3216, stack(0x000000f521900000,0x000000f521a00000) (1024K)]
  0x0000023a4f5f33b0 JavaThread "Attach Listener"            daemon [_thread_blocked, id=12056, stack(0x000000f521a00000,0x000000f521b00000) (1024K)]
  0x0000023a4f5f4900 JavaThread "Service Thread"             daemon [_thread_blocked, id=1980, stack(0x000000f521b00000,0x000000f521c00000) (1024K)]
  0x0000023a4f5f6b10 JavaThread "Monitor Deflation Thread"   daemon [_thread_blocked, id=15400, stack(0x000000f521c00000,0x000000f521d00000) (1024K)]
  0x0000023a4f5fb810 JavaThread "C2 CompilerThread0"         daemon [_thread_blocked, id=12296, stack(0x000000f521d00000,0x000000f521e00000) (1024K)]
  0x0000023a4f6025a0 JavaThread "C1 CompilerThread0"         daemon [_thread_blocked, id=7332, stack(0x000000f521e00000,0x000000f521f00000) (1024K)]
  0x0000023a4f9af8f0 JavaThread "Notification Thread"        daemon [_thread_blocked, id=11704, stack(0x000000f521f00000,0x000000f522000000) (1024K)]
  0x0000023a4f9b1d50 JavaThread "Common-Cleaner"             daemon [_thread_blocked, id=12804, stack(0x000000f522000000,0x000000f522100000) (1024K)]
  0x0000023a4fc7d1b0 JavaThread "HttpClient-1-SelectorManager" daemon [_thread_in_native, id=11888, stack(0x000000f522100000,0x000000f522200000) (1024K)]
  0x0000023a950ad390 JavaThread "HttpClient-1-Worker-0"      daemon [_thread_in_vm, id=10056, stack(0x000000f522300000,0x000000f522400000) (1024K)]
  0x0000023a95020260 JavaThread "HttpClient-1-Worker-1"      daemon [_thread_blocked, id=2784, stack(0x000000f522400000,0x000000f522500000) (1024K)]
=>0x0000023a951dfbd0 JavaThread "C2 CompilerThread1"         daemon [_thread_in_native, id=12152, stack(0x000000f522500000,0x000000f522600000) (1024K)]
Total: 15

Other Threads:
  0x0000023a4f5d0a20 VMThread "VM Thread"                           [id=14804, stack(0x000000f521600000,0x000000f521700000) (1024K)]
  0x0000023a4f5bafd0 WatcherThread "VM Periodic Task Thread"        [id=7348, stack(0x000000f521500000,0x000000f521600000) (1024K)]
  0x0000023a37b43d90 WorkerThread "GC Thread#0"                     [id=10656, stack(0x000000f521000000,0x000000f521100000) (1024K)]
  0x0000023a9527ae20 WorkerThread "GC Thread#1"                     [id=12940, stack(0x000000f522600000,0x000000f522700000) (1024K)]
  0x0000023a951feb30 WorkerThread "GC Thread#2"                     [id=4252, stack(0x000000f522700000,0x000000f522800000) (1024K)]
  0x0000023a951feed0 WorkerThread "GC Thread#3"                     [id=16080, stack(0x000000f522800000,0x000000f522900000) (1024K)]
  0x0000023a37b54dc0 ConcurrentGCThread "G1 Main Marker"            [id=2984, stack(0x000000f521100000,0x000000f521200000) (1024K)]
  0x0000023a37b558c0 WorkerThread "G1 Conc#0"                       [id=12060, stack(0x000000f521200000,0x000000f521300000) (1024K)]
  0x0000023a37baeaa0 ConcurrentGCThread "G1 Refine#0"               [id=6736, stack(0x000000f521300000,0x000000f521400000) (1024K)]
  0x0000023a4f48f790 ConcurrentGCThread "G1 Service"                [id=15616, stack(0x000000f521400000,0x000000f521500000) (1024K)]
Total: 10

Threads with active compile tasks:
C2 CompilerThread1  3151 1096       4       sun.security.ec.ECOperations::setDouble (463 bytes)
Total: 1

VM state: not at safepoint (normal execution)

VM Mutex/Monitor currently owned by a thread: None

Heap address: 0x0000000084800000, size: 1976 MB, Compressed Oops mode: 32-bit

CDS archive(s) mapped at: [0x0000023a50000000-0x0000023a50d00000-0x0000023a50d00000), size 13631488, SharedBaseAddress: 0x0000023a50000000, ArchiveRelocationMode: 1.
Compressed class space mapped at: 0x0000023a51000000-0x0000023a91000000, reserved size: 1073741824
Narrow klass base: 0x0000023a50000000, Narrow klass shift: 0, Narrow klass range: 0x100000000

GC Precious Log:
 CardTable entry size: 512
 Card Set container configuration: InlinePtr #cards 5 size 8 Array Of Cards #cards 12 size 40 Howl #buckets 4 coarsen threshold 1843 Howl Bitmap #cards 512 size 80 coarsen threshold 460 Card regions per heap region 1 cards per card region 2048
 CPUs: 4 total, 4 available
 Memory: 7897M
 Large Page Support: Disabled
 NUMA Support: Disabled
 Compressed Oops: Enabled (32-bit)
 Heap Region Size: 1M
 Heap Min Capacity: 8M
 Heap Initial Capacity: 124M
 Heap Max Capacity: 1976M
 Pre-touch: Disabled
 Parallel Workers: 4
 Concurrent Workers: 1
 Concurrent Refinement Workers: 4
 Periodic GC: Disabled

Heap:
 garbage-first heap   total 126976K, used 3396K [0x0000000084800000, 0x0000000100000000)
  region size 1024K, 4 young (4096K), 2 survivors (2048K)
 Metaspace       used 8325K, committed 8576K, reserved 1114112K
  class space    used 963K, committed 1088K, reserved 1048576K

Heap Regions: E=young(eden), S=young(survivor), O=old, HS=humongous(starts), HC=humongous(continues), CS=collection set, F=free, TAMS=top-at-mark-start, PB=parsable bottom
|   0|0x0000000084800000, 0x0000000084851020, 0x0000000084900000| 31%| O|  |TAMS 0x0000000084800000| PB 0x0000000084800000| Untracked 
|   1|0x0000000084900000, 0x0000000084900000, 0x0000000084a00000|  0%| F|  |TAMS 0x0000000084900000| PB 0x0000000084900000| Untracked 
|   2|0x0000000084a00000, 0x0000000084a00000, 0x0000000084b00000|  0%| F|  |TAMS 0x0000000084a00000| PB 0x0000000084a00000| Untracked 
|   3|0x0000000084b00000, 0x0000000084b00000, 0x0000000084c00000|  0%| F|  |TAMS 0x0000000084b00000| PB 0x0000000084b00000| Untracked 
|   4|0x0000000084c00000, 0x0000000084c00000, 0x0000000084d00000|  0%| F|  |TAMS 0x0000000084c00000| PB 0x0000000084c00000| Untracked 
|   5|0x0000000084d00000, 0x0000000084d00000, 0x0000000084e00000|  0%| F|  |TAMS 0x0000000084d00000| PB 0x0000000084d00000| Untracked 
|   6|0x0000000084e00000, 0x0000000084e00000, 0x0000000084f00000|  0%| F|  |TAMS 0x0000000084e00000| PB 0x0000000084e00000| Untracked 
|   7|0x0000000084f00000, 0x0000000084f00000, 0x0000000085000000|  0%| F|  |TAMS 0x0000000084f00000| PB 0x0000000084f00000| Untracked 
|   8|0x0000000085000000, 0x0000000085000000, 0x0000000085100000|  0%| F|  |TAMS 0x0000000085000000| PB 0x0000000085000000| Untracked 
|   9|0x0000000085100000, 0x0000000085100000, 0x0000000085200000|  0%| F|  |TAMS 0x0000000085100000| PB 0x0000000085100000| Untracked 
|  10|0x0000000085200000, 0x0000000085200000, 0x0000000085300000|  0%| F|  |TAMS 0x0000000085200000| PB 0x0000000085200000| Untracked 
|  11|0x0000000085300000, 0x0000000085300000, 0x0000000085400000|  0%| F|  |TAMS 0x0000000085300000| PB 0x0000000085300000| Untracked 
|  12|0x0000000085400000, 0x0000000085400000, 0x0000000085500000|  0%| F|  |TAMS 0x0000000085400000| PB 0x0000000085400000| Untracked 
|  13|0x0000000085500000, 0x0000000085500000, 0x0000000085600000|  0%| F|  |TAMS 0x0000000085500000| PB 0x0000000085500000| Untracked 
|  14|0x0000000085600000, 0x0000000085600000, 0x0000000085700000|  0%| F|  |TAMS 0x0000000085600000| PB 0x0000000085600000| Untracked 
|  15|0x0000000085700000, 0x0000000085700000, 0x0000000085800000|  0%| F|  |TAMS 0x0000000085700000| PB 0x0000000085700000| Untracked 
|  16|0x0000000085800000, 0x0000000085800000, 0x0000000085900000|  0%| F|  |TAMS 0x0000000085800000| PB 0x0000000085800000| Untracked 
|  17|0x0000000085900000, 0x0000000085900000, 0x0000000085a00000|  0%| F|  |TAMS 0x0000000085900000| PB 0x0000000085900000| Untracked 
|  18|0x0000000085a00000, 0x0000000085a00000, 0x0000000085b00000|  0%| F|  |TAMS 0x0000000085a00000| PB 0x0000000085a00000| Untracked 
|  19|0x0000000085b00000, 0x0000000085b00000, 0x0000000085c00000|  0%| F|  |TAMS 0x0000000085b00000| PB 0x0000000085b00000| Untracked 
|  20|0x0000000085c00000, 0x0000000085c00000, 0x0000000085d00000|  0%| F|  |TAMS 0x0000000085c00000| PB 0x0000000085c00000| Untracked 
|  21|0x0000000085d00000, 0x0000000085d00000, 0x0000000085e00000|  0%| F|  |TAMS 0x0000000085d00000| PB 0x0000000085d00000| Untracked 
|  22|0x0000000085e00000, 0x0000000085e00000, 0x0000000085f00000|  0%| F|  |TAMS 0x0000000085e00000| PB 0x0000000085e00000| Untracked 
|  23|0x0000000085f00000, 0x0000000085f00000, 0x0000000086000000|  0%| F|  |TAMS 0x0000000085f00000| PB 0x0000000085f00000| Untracked 
|  24|0x0000000086000000, 0x0000000086000000, 0x0000000086100000|  0%| F|  |TAMS 0x0000000086000000| PB 0x0000000086000000| Untracked 
|  25|0x0000000086100000, 0x0000000086100000, 0x0000000086200000|  0%| F|  |TAMS 0x0000000086100000| PB 0x0000000086100000| Untracked 
|  26|0x0000000086200000, 0x0000000086200000, 0x0000000086300000|  0%| F|  |TAMS 0x0000000086200000| PB 0x0000000086200000| Untracked 
|  27|0x0000000086300000, 0x0000000086300000, 0x0000000086400000|  0%| F|  |TAMS 0x0000000086300000| PB 0x0000000086300000| Untracked 
|  28|0x0000000086400000, 0x0000000086400000, 0x0000000086500000|  0%| F|  |TAMS 0x0000000086400000| PB 0x0000000086400000| Untracked 
|  29|0x0000000086500000, 0x0000000086500000, 0x0000000086600000|  0%| F|  |TAMS 0x0000000086500000| PB 0x0000000086500000| Untracked 
|  30|0x0000000086600000, 0x0000000086600000, 0x0000000086700000|  0%| F|  |TAMS 0x0000000086600000| PB 0x0000000086600000| Untracked 
|  31|0x0000000086700000, 0x0000000086700000, 0x0000000086800000|  0%| F|  |TAMS 0x0000000086700000| PB 0x0000000086700000| Untracked 
|  32|0x0000000086800000, 0x0000000086800000, 0x0000000086900000|  0%| F|  |TAMS 0x0000000086800000| PB 0x0000000086800000| Untracked 
|  33|0x0000000086900000, 0x0000000086900000, 0x0000000086a00000|  0%| F|  |TAMS 0x0000000086900000| PB 0x0000000086900000| Untracked 
|  34|0x0000000086a00000, 0x0000000086a00000, 0x0000000086b00000|  0%| F|  |TAMS 0x0000000086a00000| PB 0x0000000086a00000| Untracked 
|  35|0x0000000086b00000, 0x0000000086b00000, 0x0000000086c00000|  0%| F|  |TAMS 0x0000000086b00000| PB 0x0000000086b00000| Untracked 
|  36|0x0000000086c00000, 0x0000000086c00000, 0x0000000086d00000|  0%| F|  |TAMS 0x0000000086c00000| PB 0x0000000086c00000| Untracked 
|  37|0x0000000086d00000, 0x0000000086d00000, 0x0000000086e00000|  0%| F|  |TAMS 0x0000000086d00000| PB 0x0000000086d00000| Untracked 
|  38|0x0000000086e00000, 0x0000000086e00000, 0x0000000086f00000|  0%| F|  |TAMS 0x0000000086e00000| PB 0x0000000086e00000| Untracked 
|  39|0x0000000086f00000, 0x0000000086f00000, 0x0000000087000000|  0%| F|  |TAMS 0x0000000086f00000| PB 0x0000000086f00000| Untracked 
|  40|0x0000000087000000, 0x0000000087000000, 0x0000000087100000|  0%| F|  |TAMS 0x0000000087000000| PB 0x0000000087000000| Untracked 
|  41|0x0000000087100000, 0x0000000087100000, 0x0000000087200000|  0%| F|  |TAMS 0x0000000087100000| PB 0x0000000087100000| Untracked 
|  42|0x0000000087200000, 0x0000000087200000, 0x0000000087300000|  0%| F|  |TAMS 0x0000000087200000| PB 0x0000000087200000| Untracked 
|  43|0x0000000087300000, 0x0000000087300000, 0x0000000087400000|  0%| F|  |TAMS 0x0000000087300000| PB 0x0000000087300000| Untracked 
|  44|0x0000000087400000, 0x0000000087400000, 0x0000000087500000|  0%| F|  |TAMS 0x0000000087400000| PB 0x0000000087400000| Untracked 
|  45|0x0000000087500000, 0x0000000087500000, 0x0000000087600000|  0%| F|  |TAMS 0x0000000087500000| PB 0x0000000087500000| Untracked 
|  46|0x0000000087600000, 0x0000000087600000, 0x0000000087700000|  0%| F|  |TAMS 0x0000000087600000| PB 0x0000000087600000| Untracked 
|  47|0x0000000087700000, 0x0000000087700000, 0x0000000087800000|  0%| F|  |TAMS 0x0000000087700000| PB 0x0000000087700000| Untracked 
|  48|0x0000000087800000, 0x0000000087800000, 0x0000000087900000|  0%| F|  |TAMS 0x0000000087800000| PB 0x0000000087800000| Untracked 
|  49|0x0000000087900000, 0x0000000087900000, 0x0000000087a00000|  0%| F|  |TAMS 0x0000000087900000| PB 0x0000000087900000| Untracked 
|  50|0x0000000087a00000, 0x0000000087a00000, 0x0000000087b00000|  0%| F|  |TAMS 0x0000000087a00000| PB 0x0000000087a00000| Untracked 
|  51|0x0000000087b00000, 0x0000000087b00000, 0x0000000087c00000|  0%| F|  |TAMS 0x0000000087b00000| PB 0x0000000087b00000| Untracked 
|  52|0x0000000087c00000, 0x0000000087c00000, 0x0000000087d00000|  0%| F|  |TAMS 0x0000000087c00000| PB 0x0000000087c00000| Untracked 
|  53|0x0000000087d00000, 0x0000000087d00000, 0x0000000087e00000|  0%| F|  |TAMS 0x0000000087d00000| PB 0x0000000087d00000| Untracked 
|  54|0x0000000087e00000, 0x0000000087e00000, 0x0000000087f00000|  0%| F|  |TAMS 0x0000000087e00000| PB 0x0000000087e00000| Untracked 
|  55|0x0000000087f00000, 0x0000000087f00000, 0x0000000088000000|  0%| F|  |TAMS 0x0000000087f00000| PB 0x0000000087f00000| Untracked 
|  56|0x0000000088000000, 0x0000000088000000, 0x0000000088100000|  0%| F|  |TAMS 0x0000000088000000| PB 0x0000000088000000| Untracked 
|  57|0x0000000088100000, 0x0000000088100000, 0x0000000088200000|  0%| F|  |TAMS 0x0000000088100000| PB 0x0000000088100000| Untracked 
|  58|0x0000000088200000, 0x0000000088200000, 0x0000000088300000|  0%| F|  |TAMS 0x0000000088200000| PB 0x0000000088200000| Untracked 
|  59|0x0000000088300000, 0x0000000088300000, 0x0000000088400000|  0%| F|  |TAMS 0x0000000088300000| PB 0x0000000088300000| Untracked 
|  60|0x0000000088400000, 0x0000000088400000, 0x0000000088500000|  0%| F|  |TAMS 0x0000000088400000| PB 0x0000000088400000| Untracked 
|  61|0x0000000088500000, 0x0000000088500000, 0x0000000088600000|  0%| F|  |TAMS 0x0000000088500000| PB 0x0000000088500000| Untracked 
|  62|0x0000000088600000, 0x0000000088600000, 0x0000000088700000|  0%| F|  |TAMS 0x0000000088600000| PB 0x0000000088600000| Untracked 
|  63|0x0000000088700000, 0x0000000088700000, 0x0000000088800000|  0%| F|  |TAMS 0x0000000088700000| PB 0x0000000088700000| Untracked 
|  64|0x0000000088800000, 0x0000000088800000, 0x0000000088900000|  0%| F|  |TAMS 0x0000000088800000| PB 0x0000000088800000| Untracked 
|  65|0x0000000088900000, 0x0000000088900000, 0x0000000088a00000|  0%| F|  |TAMS 0x0000000088900000| PB 0x0000000088900000| Untracked 
|  66|0x0000000088a00000, 0x0000000088a00000, 0x0000000088b00000|  0%| F|  |TAMS 0x0000000088a00000| PB 0x0000000088a00000| Untracked 
|  67|0x0000000088b00000, 0x0000000088b00000, 0x0000000088c00000|  0%| F|  |TAMS 0x0000000088b00000| PB 0x0000000088b00000| Untracked 
|  68|0x0000000088c00000, 0x0000000088c00000, 0x0000000088d00000|  0%| F|  |TAMS 0x0000000088c00000| PB 0x0000000088c00000| Untracked 
|  69|0x0000000088d00000, 0x0000000088d00000, 0x0000000088e00000|  0%| F|  |TAMS 0x0000000088d00000| PB 0x0000000088d00000| Untracked 
|  70|0x0000000088e00000, 0x0000000088e00000, 0x0000000088f00000|  0%| F|  |TAMS 0x0000000088e00000| PB 0x0000000088e00000| Untracked 
|  71|0x0000000088f00000, 0x0000000088f00000, 0x0000000089000000|  0%| F|  |TAMS 0x0000000088f00000| PB 0x0000000088f00000| Untracked 
|  72|0x0000000089000000, 0x0000000089000000, 0x0000000089100000|  0%| F|  |TAMS 0x0000000089000000| PB 0x0000000089000000| Untracked 
|  73|0x0000000089100000, 0x0000000089100000, 0x0000000089200000|  0%| F|  |TAMS 0x0000000089100000| PB 0x0000000089100000| Untracked 
|  74|0x0000000089200000, 0x0000000089200000, 0x0000000089300000|  0%| F|  |TAMS 0x0000000089200000| PB 0x0000000089200000| Untracked 
|  75|0x0000000089300000, 0x0000000089300000, 0x0000000089400000|  0%| F|  |TAMS 0x0000000089300000| PB 0x0000000089300000| Untracked 
|  76|0x0000000089400000, 0x0000000089400000, 0x0000000089500000|  0%| F|  |TAMS 0x0000000089400000| PB 0x0000000089400000| Untracked 
|  77|0x0000000089500000, 0x0000000089500000, 0x0000000089600000|  0%| F|  |TAMS 0x0000000089500000| PB 0x0000000089500000| Untracked 
|  78|0x0000000089600000, 0x0000000089600000, 0x0000000089700000|  0%| F|  |TAMS 0x0000000089600000| PB 0x0000000089600000| Untracked 
|  79|0x0000000089700000, 0x0000000089700000, 0x0000000089800000|  0%| F|  |TAMS 0x0000000089700000| PB 0x0000000089700000| Untracked 
|  80|0x0000000089800000, 0x0000000089800000, 0x0000000089900000|  0%| F|  |TAMS 0x0000000089800000| PB 0x0000000089800000| Untracked 
|  81|0x0000000089900000, 0x0000000089900000, 0x0000000089a00000|  0%| F|  |TAMS 0x0000000089900000| PB 0x0000000089900000| Untracked 
|  82|0x0000000089a00000, 0x0000000089a00000, 0x0000000089b00000|  0%| F|  |TAMS 0x0000000089a00000| PB 0x0000000089a00000| Untracked 
|  83|0x0000000089b00000, 0x0000000089b00000, 0x0000000089c00000|  0%| F|  |TAMS 0x0000000089b00000| PB 0x0000000089b00000| Untracked 
|  84|0x0000000089c00000, 0x0000000089c00000, 0x0000000089d00000|  0%| F|  |TAMS 0x0000000089c00000| PB 0x0000000089c00000| Untracked 
|  85|0x0000000089d00000, 0x0000000089d00000, 0x0000000089e00000|  0%| F|  |TAMS 0x0000000089d00000| PB 0x0000000089d00000| Untracked 
|  86|0x0000000089e00000, 0x0000000089e00000, 0x0000000089f00000|  0%| F|  |TAMS 0x0000000089e00000| PB 0x0000000089e00000| Untracked 
|  87|0x0000000089f00000, 0x0000000089f00000, 0x000000008a000000|  0%| F|  |TAMS 0x0000000089f00000| PB 0x0000000089f00000| Untracked 
|  88|0x000000008a000000, 0x000000008a000000, 0x000000008a100000|  0%| F|  |TAMS 0x000000008a000000| PB 0x000000008a000000| Untracked 
|  89|0x000000008a100000, 0x000000008a100000, 0x000000008a200000|  0%| F|  |TAMS 0x000000008a100000| PB 0x000000008a100000| Untracked 
|  90|0x000000008a200000, 0x000000008a200000, 0x000000008a300000|  0%| F|  |TAMS 0x000000008a200000| PB 0x000000008a200000| Untracked 
|  91|0x000000008a300000, 0x000000008a300000, 0x000000008a400000|  0%| F|  |TAMS 0x000000008a300000| PB 0x000000008a300000| Untracked 
|  92|0x000000008a400000, 0x000000008a400000, 0x000000008a500000|  0%| F|  |TAMS 0x000000008a400000| PB 0x000000008a400000| Untracked 
|  93|0x000000008a500000, 0x000000008a500000, 0x000000008a600000|  0%| F|  |TAMS 0x000000008a500000| PB 0x000000008a500000| Untracked 
|  94|0x000000008a600000, 0x000000008a600000, 0x000000008a700000|  0%| F|  |TAMS 0x000000008a600000| PB 0x000000008a600000| Untracked 
|  95|0x000000008a700000, 0x000000008a700000, 0x000000008a800000|  0%| F|  |TAMS 0x000000008a700000| PB 0x000000008a700000| Untracked 
|  96|0x000000008a800000, 0x000000008a800000, 0x000000008a900000|  0%| F|  |TAMS 0x000000008a800000| PB 0x000000008a800000| Untracked 
|  97|0x000000008a900000, 0x000000008a900000, 0x000000008aa00000|  0%| F|  |TAMS 0x000000008a900000| PB 0x000000008a900000| Untracked 
|  98|0x000000008aa00000, 0x000000008aa00000, 0x000000008ab00000|  0%| F|  |TAMS 0x000000008aa00000| PB 0x000000008aa00000| Untracked 
|  99|0x000000008ab00000, 0x000000008ab00000, 0x000000008ac00000|  0%| F|  |TAMS 0x000000008ab00000| PB 0x000000008ab00000| Untracked 
| 100|0x000000008ac00000, 0x000000008ac00000, 0x000000008ad00000|  0%| F|  |TAMS 0x000000008ac00000| PB 0x000000008ac00000| Untracked 
| 101|0x000000008ad00000, 0x000000008ad00000, 0x000000008ae00000|  0%| F|  |TAMS 0x000000008ad00000| PB 0x000000008ad00000| Untracked 
| 102|0x000000008ae00000, 0x000000008ae00000, 0x000000008af00000|  0%| F|  |TAMS 0x000000008ae00000| PB 0x000000008ae00000| Untracked 
| 103|0x000000008af00000, 0x000000008af00000, 0x000000008b000000|  0%| F|  |TAMS 0x000000008af00000| PB 0x000000008af00000| Untracked 
| 104|0x000000008b000000, 0x000000008b000000, 0x000000008b100000|  0%| F|  |TAMS 0x000000008b000000| PB 0x000000008b000000| Untracked 
| 105|0x000000008b100000, 0x000000008b100000, 0x000000008b200000|  0%| F|  |TAMS 0x000000008b100000| PB 0x000000008b100000| Untracked 
| 106|0x000000008b200000, 0x000000008b200000, 0x000000008b300000|  0%| F|  |TAMS 0x000000008b200000| PB 0x000000008b200000| Untracked 
| 107|0x000000008b300000, 0x000000008b300000, 0x000000008b400000|  0%| F|  |TAMS 0x000000008b300000| PB 0x000000008b300000| Untracked 
| 108|0x000000008b400000, 0x000000008b400000, 0x000000008b500000|  0%| F|  |TAMS 0x000000008b400000| PB 0x000000008b400000| Untracked 
| 109|0x000000008b500000, 0x000000008b600000, 0x000000008b600000|100%| S|CS|TAMS 0x000000008b500000| PB 0x000000008b500000| Complete 
| 110|0x000000008b600000, 0x000000008b700000, 0x000000008b700000|100%| S|CS|TAMS 0x000000008b600000| PB 0x000000008b600000| Complete 
| 111|0x000000008b700000, 0x000000008b700000, 0x000000008b800000|  0%| F|  |TAMS 0x000000008b700000| PB 0x000000008b700000| Untracked 
| 112|0x000000008b800000, 0x000000008b800000, 0x000000008b900000|  0%| F|  |TAMS 0x000000008b800000| PB 0x000000008b800000| Untracked 
| 113|0x000000008b900000, 0x000000008b900000, 0x000000008ba00000|  0%| F|  |TAMS 0x000000008b900000| PB 0x000000008b900000| Untracked 
| 114|0x000000008ba00000, 0x000000008ba00000, 0x000000008bb00000|  0%| F|  |TAMS 0x000000008ba00000| PB 0x000000008ba00000| Untracked 
| 115|0x000000008bb00000, 0x000000008bb00000, 0x000000008bc00000|  0%| F|  |TAMS 0x000000008bb00000| PB 0x000000008bb00000| Untracked 
| 116|0x000000008bc00000, 0x000000008bc00000, 0x000000008bd00000|  0%| F|  |TAMS 0x000000008bc00000| PB 0x000000008bc00000| Untracked 
| 117|0x000000008bd00000, 0x000000008bd00000, 0x000000008be00000|  0%| F|  |TAMS 0x000000008bd00000| PB 0x000000008bd00000| Untracked 
| 118|0x000000008be00000, 0x000000008be00000, 0x000000008bf00000|  0%| F|  |TAMS 0x000000008be00000| PB 0x000000008be00000| Untracked 
| 119|0x000000008bf00000, 0x000000008bf00000, 0x000000008c000000|  0%| F|  |TAMS 0x000000008bf00000| PB 0x000000008bf00000| Untracked 
| 120|0x000000008c000000, 0x000000008c000000, 0x000000008c100000|  0%| F|  |TAMS 0x000000008c000000| PB 0x000000008c000000| Untracked 
| 121|0x000000008c100000, 0x000000008c100000, 0x000000008c200000|  0%| F|  |TAMS 0x000000008c100000| PB 0x000000008c100000| Untracked 
| 122|0x000000008c200000, 0x000000008c21f5a8, 0x000000008c300000| 12%| E|  |TAMS 0x000000008c200000| PB 0x000000008c200000| Complete 
| 123|0x000000008c300000, 0x000000008c400000, 0x000000008c400000|100%| E|CS|TAMS 0x000000008c300000| PB 0x000000008c300000| Complete 

Card table byte_map: [0x0000023a4ae60000,0x0000023a4b240000] _byte_map_base: 0x0000023a4aa3c000

Marking Bits: (CMBitMap*) 0x0000023a37b44490
 Bits: [0x0000023a4b240000, 0x0000023a4d120000)

Polling page: 0x0000023a35910000

Metaspace:

Usage:
  Non-class:      7.26 MB used.
      Class:    972.76 KB used.
       Both:      8.21 MB used.

Virtual space:
  Non-class space:       64.00 MB reserved,       7.38 MB ( 12%) committed,  1 nodes.
      Class space:        1.00 GB reserved,       1.06 MB ( <1%) committed,  1 nodes.
             Both:        1.06 GB reserved,       8.44 MB ( <1%) committed. 

Chunk freelists:
   Non-Class:  8.39 MB
       Class:  14.98 MB
        Both:  23.37 MB

MaxMetaspaceSize: unlimited
CompressedClassSpaceSize: 1.00 GB
Initial GC threshold: 21.00 MB
Current GC threshold: 21.00 MB
CDS: on
 - commit_granule_bytes: 65536.
 - commit_granule_words: 8192.
 - virtual_space_node_default_size: 8388608.
 - enlarge_chunks_in_place: 1.
 - use_allocation_guard: 0.


Internal statistics:

num_allocs_failed_limit: 0.
num_arena_births: 226.
num_arena_deaths: 0.
num_vsnodes_births: 2.
num_vsnodes_deaths: 0.
num_space_committed: 135.
num_space_uncommitted: 0.
num_chunks_returned_to_freelist: 0.
num_chunks_taken_from_freelist: 373.
num_chunk_merges: 0.
num_chunk_splits: 220.
num_chunks_enlarged: 101.
num_inconsistent_stats: 0.

CodeHeap 'non-profiled nmethods': size=120000Kb used=401Kb max_used=401Kb free=119598Kb
 bounds [0x0000023a43550000, 0x0000023a437c0000, 0x0000023a4aa80000]
CodeHeap 'profiled nmethods': size=120000Kb used=1743Kb max_used=1743Kb free=118256Kb
 bounds [0x0000023a3ba80000, 0x0000023a3bcf0000, 0x0000023a42fb0000]
CodeHeap 'non-nmethods': size=5760Kb used=1427Kb max_used=1442Kb free=4332Kb
 bounds [0x0000023a42fb0000, 0x0000023a43220000, 0x0000023a43550000]
 total_blobs=1645 nmethods=1132 adapters=418
 compilation: enabled
              stopped_count=0, restarted_count=0
 full_count=0

Compilation events (20 events):
Event: 2.992 Thread 0x0000023a4f6025a0 1104       3       java.lang.Enum::hashCode (21 bytes)
Event: 2.993 Thread 0x0000023a4f6025a0 nmethod 1104 0x0000023a3bc29510 code [0x0000023a3bc296c0, 0x0000023a3bc29848]
Event: 2.998 Thread 0x0000023a4f6025a0 1106       3       java.lang.ref.ReferenceQueue::poll0 (65 bytes)
Event: 2.999 Thread 0x0000023a4f6025a0 nmethod 1106 0x0000023a3bc29910 code [0x0000023a3bc29ae0, 0x0000023a3bc29fd8]
Event: 2.999 Thread 0x0000023a4f6025a0 1107   !   3       java.lang.ref.NativeReferenceQueue::poll (28 bytes)
Event: 2.999 Thread 0x0000023a4f6025a0 nmethod 1107 0x0000023a3bc2a110 code [0x0000023a3bc2a2e0, 0x0000023a3bc2a628]
Event: 3.000 Thread 0x0000023a4f6025a0 1108   !   3       java.util.concurrent.ConcurrentHashMap::replaceNode (437 bytes)
Event: 3.004 Thread 0x0000023a4f6025a0 nmethod 1108 0x0000023a3bc2a790 code [0x0000023a3bc2ab00, 0x0000023a3bc2c2b8]
Event: 3.004 Thread 0x0000023a4f6025a0 1109       3       java.util.concurrent.ConcurrentHashMap::remove (8 bytes)
Event: 3.004 Thread 0x0000023a4f6025a0 nmethod 1109 0x0000023a3bc2d010 code [0x0000023a3bc2d1c0, 0x0000023a3bc2d310]
Event: 3.021 Thread 0x0000023a4f6025a0 1110       3       java.lang.Module::allows (60 bytes)
Event: 3.022 Thread 0x0000023a4f6025a0 nmethod 1110 0x0000023a3bc2d390 code [0x0000023a3bc2d5a0, 0x0000023a3bc2dba0]
Event: 3.022 Thread 0x0000023a4f6025a0 1112       3       jdk.internal.org.objectweb.asm.ClassWriter::<init> (7 bytes)
Event: 3.022 Thread 0x0000023a4f6025a0 nmethod 1112 0x0000023a3bc2dd10 code [0x0000023a3bc2dec0, 0x0000023a3bc2e008]
Event: 3.023 Thread 0x0000023a4f6025a0 1113       3       jdk.internal.org.objectweb.asm.ClassWriter::<init> (73 bytes)
Event: 3.023 Thread 0x0000023a4f6025a0 nmethod 1113 0x0000023a3bc2e090 code [0x0000023a3bc2e280, 0x0000023a3bc2e718]
Event: 3.023 Thread 0x0000023a4f6025a0 1114       3       jdk.internal.org.objectweb.asm.ClassVisitor::<init> (7 bytes)
Event: 3.024 Thread 0x0000023a4f6025a0 nmethod 1114 0x0000023a3bc2e890 code [0x0000023a3bc2ea40, 0x0000023a3bc2eb88]
Event: 3.024 Thread 0x0000023a4f6025a0 1115       3       sun.invoke.util.VerifyAccess::getClassModifiers (24 bytes)
Event: 3.024 Thread 0x0000023a4f6025a0 nmethod 1115 0x0000023a3bc2ec10 code [0x0000023a3bc2ede0, 0x0000023a3bc2f018]

GC Heap History (2 events):
Event: 2.815 GC heap before
{Heap before GC invocations=0 (full 0):
 garbage-first heap   total 126976K, used 13312K [0x0000000084800000, 0x0000000100000000)
  region size 1024K, 13 young (13312K), 0 survivors (0K)
 Metaspace       used 7975K, committed 8320K, reserved 1114112K
  class space    used 911K, committed 1088K, reserved 1048576K
}
Event: 2.844 GC heap after
{Heap after GC invocations=1 (full 0):
 garbage-first heap   total 126976K, used 2372K [0x0000000084800000, 0x0000000100000000)
  region size 1024K, 2 young (2048K), 2 survivors (2048K)
 Metaspace       used 7975K, committed 8320K, reserved 1114112K
  class space    used 911K, committed 1088K, reserved 1048576K
}

Dll operation events (2 events):
Event: 0.021 Loaded shared library C:\Users\User\AppData\Local\Programs\Rider\jbr\bin\java.dll
Event: 0.156 Loaded shared library C:\Users\User\AppData\Local\Programs\Rider\jbr\bin\zip.dll

Deoptimization events (20 events):
Event: 0.369 Thread 0x0000023a35963660 DEOPT PACKING pc=0x0000023a4356381c sp=0x000000f520ffacb0
Event: 0.369 Thread 0x0000023a35963660 DEOPT UNPACKING pc=0x0000023a430046a2 sp=0x000000f520ffac40 mode 2
Event: 0.771 Thread 0x0000023a35963660 DEOPT PACKING pc=0x0000023a3bac4907 sp=0x000000f520ffdb70
Event: 0.771 Thread 0x0000023a35963660 DEOPT UNPACKING pc=0x0000023a43004e42 sp=0x000000f520ffd008 mode 0
Event: 1.015 Thread 0x0000023a35963660 DEOPT PACKING pc=0x0000023a3ba984cc sp=0x000000f520ffbe30
Event: 1.015 Thread 0x0000023a35963660 DEOPT UNPACKING pc=0x0000023a43004e42 sp=0x000000f520ffb250 mode 0
Event: 1.072 Thread 0x0000023a35963660 DEOPT PACKING pc=0x0000023a3ba95dcc sp=0x000000f520ff8cd0
Event: 1.072 Thread 0x0000023a35963660 DEOPT UNPACKING pc=0x0000023a43004e42 sp=0x000000f520ff8138 mode 0
Event: 2.348 Thread 0x0000023a950ad390 Uncommon trap: trap_request=0xffffff45 fr.pc=0x0000023a4359acf0 relative=0x0000000000000d70
Event: 2.348 Thread 0x0000023a950ad390 Uncommon trap: reason=unstable_if action=reinterpret pc=0x0000023a4359acf0 method=java.util.concurrent.ConcurrentHashMap.putVal(Ljava/lang/Object;Ljava/lang/Object;Z)Ljava/lang/Object; @ 97 c2
Event: 2.348 Thread 0x0000023a950ad390 DEOPT PACKING pc=0x0000023a4359acf0 sp=0x000000f5223fd660
Event: 2.348 Thread 0x0000023a950ad390 DEOPT UNPACKING pc=0x0000023a430046a2 sp=0x000000f5223fd5e8 mode 2
Event: 2.998 Thread 0x0000023a950ad390 Uncommon trap: trap_request=0xffffff45 fr.pc=0x0000023a435a1b38 relative=0x0000000000000098
Event: 2.998 Thread 0x0000023a950ad390 Uncommon trap: reason=unstable_if action=reinterpret pc=0x0000023a435a1b38 method=java.lang.ref.ReferenceQueue.headIsNull()Z @ 4 c2
Event: 2.998 Thread 0x0000023a950ad390 DEOPT PACKING pc=0x0000023a435a1b38 sp=0x000000f5223fd7b0
Event: 2.998 Thread 0x0000023a950ad390 DEOPT UNPACKING pc=0x0000023a430046a2 sp=0x000000f5223fd670 mode 2
Event: 2.998 Thread 0x0000023a950ad390 Uncommon trap: trap_request=0xffffff45 fr.pc=0x0000023a435a1e8c relative=0x000000000000006c
Event: 2.998 Thread 0x0000023a950ad390 Uncommon trap: reason=unstable_if action=reinterpret pc=0x0000023a435a1e8c method=java.lang.ref.ReferenceQueue.headIsNull()Z @ 4 c2
Event: 2.998 Thread 0x0000023a950ad390 DEOPT PACKING pc=0x0000023a435a1e8c sp=0x000000f5223fd740
Event: 2.998 Thread 0x0000023a950ad390 DEOPT UNPACKING pc=0x0000023a430046a2 sp=0x000000f5223fd670 mode 2

Classes loaded (20 events):
Event: 3.009 Loading class sun/nio/ch/IOVecWrapper
Event: 3.009 Loading class sun/nio/ch/IOVecWrapper done
Event: 3.009 Loading class sun/nio/ch/AllocatedNativeObject
Event: 3.009 Loading class sun/nio/ch/NativeObject
Event: 3.010 Loading class sun/nio/ch/NativeObject done
Event: 3.010 Loading class sun/nio/ch/AllocatedNativeObject done
Event: 3.010 Loading class sun/nio/ch/IOVecWrapper$Deallocator
Event: 3.010 Loading class sun/nio/ch/IOVecWrapper$Deallocator done
Event: 3.019 Loading class sun/security/ssl/Plaintext
Event: 3.019 Loading class sun/security/ssl/Plaintext done
Event: 3.020 Loading class sun/security/ssl/TransportContext$1
Event: 3.020 Loading class sun/security/ssl/TransportContext$1 done
Event: 3.020 Loading class sun/security/ssl/SSLEngineImpl$DelegatedTask
Event: 3.020 Loading class sun/security/ssl/SSLEngineImpl$DelegatedTask done
Event: 3.025 Loading class sun/security/ssl/SSLEngineImpl$DelegatedTask$DelegatedAction
Event: 3.025 Loading class sun/security/ssl/SSLEngineImpl$DelegatedTask$DelegatedAction done
Event: 3.025 Loading class sun/security/ssl/ServerHello$ServerHelloMessage
Event: 3.026 Loading class sun/security/ssl/ServerHello$ServerHelloMessage done
Event: 3.026 Loading class sun/security/ssl/SupportedVersionsExtension$SHSupportedVersionsSpec
Event: 3.027 Loading class sun/security/ssl/SupportedVersionsExtension$SHSupportedVersionsSpec done

Classes unloaded (0 events):
No events

Classes redefined (0 events):
No events

Internal exceptions (20 events):
Event: 1.015 Thread 0x0000023a35963660 Exception <a 'java/lang/NoSuchMethodError'{0x000000008be8aaf0}: 'int java.lang.invoke.DirectMethodHandle$Holder.invokeStaticInit(java.lang.Object, long, long)'> (0x000000008be8aaf0) 
thrown [s\src\hotspot\share\interpreter\linkResolver.cpp, line 784]
Event: 1.017 Thread 0x0000023a35963660 Exception <a 'java/lang/NoSuchMethodError'{0x000000008be91588}: 'int java.lang.invoke.DirectMethodHandle$Holder.invokeStaticInit(java.lang.Object, float, float)'> (0x000000008be91588) 
thrown [s\src\hotspot\share\interpreter\linkResolver.cpp, line 784]
Event: 1.019 Thread 0x0000023a35963660 Exception <a 'java/lang/NoSuchMethodError'{0x000000008be98018}: 'int java.lang.invoke.DirectMethodHandle$Holder.invokeStaticInit(java.lang.Object, double, double)'> (0x000000008be98018) 
thrown [s\src\hotspot\share\interpreter\linkResolver.cpp, line 784]
Event: 1.020 Thread 0x0000023a35963660 Exception <a 'java/lang/NoSuchMethodError'{0x000000008be9c6a0}: 'int java.lang.invoke.DirectMethodHandle$Holder.invokeStatic(java.lang.Object, long)'> (0x000000008be9c6a0) 
thrown [s\src\hotspot\share\interpreter\linkResolver.cpp, line 784]
Event: 1.046 Thread 0x0000023a35963660 Exception <a 'java/lang/NoSuchMethodError'{0x000000008bec6218}: 'java.lang.Object java.lang.invoke.DirectMethodHandle$Holder.invokeSpecial(java.lang.Object, java.lang.Object, int, java.lang.Object, java.lang.Object)'> (0x000000008bec6218) 
thrown [s\src\hotspot\share\interpreter\linkResolver.cpp, line 784]
Event: 1.046 Thread 0x0000023a35963660 Exception <a 'java/lang/NoSuchMethodError'{0x000000008bec9e08}: 'java.lang.Object java.lang.invoke.DelegatingMethodHandle$Holder.delegate(java.lang.Object, int, java.lang.Object, java.lang.Object)'> (0x000000008bec9e08) 
thrown [s\src\hotspot\share\interpreter\linkResolver.cpp, line 784]
Event: 1.051 Thread 0x0000023a35963660 Exception <a 'java/lang/NoSuchMethodError'{0x000000008bed9128}: 'int java.lang.invoke.Invokers$Holder.linkToTargetMethod(java.lang.Object, java.lang.Object, java.lang.Object)'> (0x000000008bed9128) 
thrown [s\src\hotspot\share\interpreter\linkResolver.cpp, line 784]
Event: 1.064 Thread 0x0000023a35963660 Exception <a 'java/lang/NoSuchMethodError'{0x000000008bd0b248}: 'long java.lang.invoke.DirectMethodHandle$Holder.invokeSpecial(java.lang.Object, java.lang.Object)'> (0x000000008bd0b248) 
thrown [s\src\hotspot\share\interpreter\linkResolver.cpp, line 784]
Event: 1.066 Thread 0x0000023a35963660 Exception <a 'java/lang/NoSuchMethodError'{0x000000008bd11b18}: 'int java.lang.invoke.DirectMethodHandle$Holder.invokeStatic(java.lang.Object, java.lang.Object, java.lang.Object, java.lang.Object)'> (0x000000008bd11b18) 
thrown [s\src\hotspot\share\interpreter\linkResolver.cpp, line 784]
Event: 1.067 Thread 0x0000023a35963660 Exception <a 'java/lang/NoSuchMethodError'{0x000000008bd14f38}: 'java.lang.Object java.lang.invoke.Invokers$Holder.invokeExact_MT(java.lang.Object, java.lang.Object, java.lang.Object, java.lang.Object, java.lang.Object, java.lang.Object)'> (0x000000008bd14f38) 
thrown [s\src\hotspot\share\interpreter\linkResolver.cpp, line 784]
Event: 1.425 Thread 0x0000023a35963660 Exception <a 'java/lang/NoSuchMethodError'{0x000000008bb3ea58}: 'java.lang.Object java.lang.invoke.DirectMethodHandle$Holder.newInvokeSpecial(java.lang.Object, java.lang.Object, java.lang.Object, java.lang.Object, java.lang.Object)'> (0x000000008bb3ea58) 
thrown [s\src\hotspot\share\interpreter\linkResolver.cpp, line 784]
Event: 1.918 Thread 0x0000023a35963660 Exception <a 'java/lang/NoSuchMethodError'{0x000000008b909998}: 'java.lang.Object java.lang.invoke.DirectMethodHandle$Holder.invokeSpecial(java.lang.Object, java.lang.Object, java.lang.Object, java.lang.Object, int)'> (0x000000008b909998) 
thrown [s\src\hotspot\share\interpreter\linkResolver.cpp, line 784]
Event: 1.919 Thread 0x0000023a35963660 Exception <a 'java/lang/NoSuchMethodError'{0x000000008b90d300}: 'java.lang.Object java.lang.invoke.Invokers$Holder.linkToTargetMethod(java.lang.Object, java.lang.Object, int, java.lang.Object)'> (0x000000008b90d300) 
thrown [s\src\hotspot\share\interpreter\linkResolver.cpp, line 784]
Event: 1.935 Thread 0x0000023a35963660 Exception <a 'java/lang/NoSuchMethodError'{0x000000008b93b5f8}: 'void java.lang.invoke.DirectMethodHandle$Holder.invokeSpecial(java.lang.Object, java.lang.Object, java.lang.Object)'> (0x000000008b93b5f8) 
thrown [s\src\hotspot\share\interpreter\linkResolver.cpp, line 784]
Event: 2.144 Thread 0x0000023a4fc7d1b0 Exception <a 'java/lang/NoSuchMethodError'{0x000000008bbad820}: 'void java.lang.invoke.DirectMethodHandle$Holder.invokeStatic(java.lang.Object, java.lang.Object, int)'> (0x000000008bbad820) 
thrown [s\src\hotspot\share\interpreter\linkResolver.cpp, line 784]
Event: 2.228 Thread 0x0000023a4fc7d1b0 Exception <a 'java/lang/NoSuchMethodError'{0x000000008b9e08b0}: 'void java.lang.invoke.DirectMethodHandle$Holder.invokeStatic(java.lang.Object, java.lang.Object)'> (0x000000008b9e08b0) 
thrown [s\src\hotspot\share\interpreter\linkResolver.cpp, line 784]
Event: 2.233 Thread 0x0000023a35963660 Exception <a 'java/lang/NoSuchMethodError'{0x000000008b803288}: 'void java.lang.invoke.DirectMethodHandle$Holder.invokeSpecial(java.lang.Object, java.lang.Object, java.lang.Object, java.lang.Object, java.lang.Object)'> (0x000000008b803288) 
thrown [s\src\hotspot\share\interpreter\linkResolver.cpp, line 784]
Event: 2.294 Thread 0x0000023a950ad390 Exception <a 'java/lang/NoSuchMethodError'{0x000000008b866a98}: 'void java.lang.invoke.DirectMethodHandle$Holder.invokeInterface(java.lang.Object, java.lang.Object, java.lang.Object)'> (0x000000008b866a98) 
thrown [s\src\hotspot\share\interpreter\linkResolver.cpp, line 784]
Event: 2.314 Thread 0x0000023a950ad390 Exception <a 'java/lang/NoSuchMethodError'{0x000000008b8b9a98}: 'void java.lang.invoke.DirectMethodHandle$Holder.invokeVirtual(java.lang.Object, java.lang.Object)'> (0x000000008b8b9a98) 
thrown [s\src\hotspot\share\interpreter\linkResolver.cpp, line 784]
Event: 3.022 Thread 0x0000023a950ad390 Exception <a 'java/lang/NoSuchMethodError'{0x000000008c3b60d8}: 'void java.lang.invoke.DirectMethodHandle$Holder.invokeInterface(java.lang.Object, java.lang.Object)'> (0x000000008c3b60d8) 
thrown [s\src\hotspot\share\interpreter\linkResolver.cpp, line 784]

ZGC Phase Switch (0 events):
No events

VM Operations (12 events):
Event: 0.159 Executing VM operation: HandshakeAllThreads (Deoptimize)
Event: 0.159 Executing VM operation: HandshakeAllThreads (Deoptimize) done
Event: 0.173 Executing VM operation: HandshakeAllThreads (Deoptimize)
Event: 0.173 Executing VM operation: HandshakeAllThreads (Deoptimize) done
Event: 0.507 Executing VM operation: HandshakeAllThreads (Deoptimize)
Event: 0.507 Executing VM operation: HandshakeAllThreads (Deoptimize) done
Event: 1.514 Executing VM operation: Cleanup
Event: 1.527 Executing VM operation: Cleanup done
Event: 2.533 Executing VM operation: Cleanup
Event: 2.548 Executing VM operation: Cleanup done
Event: 2.814 Executing VM operation: G1CollectForAllocation (G1 Evacuation Pause)
Event: 2.844 Executing VM operation: G1CollectForAllocation (G1 Evacuation Pause) done

Memory protections (0 events):
No events

Nmethod flushes (0 events):
No events

Events (20 events):
Event: 0.090 Thread 0x0000023a35963660 Thread added: 0x0000023a4f5ed200
Event: 0.092 Thread 0x0000023a35963660 Thread added: 0x0000023a4f5ee0c0
Event: 0.093 Thread 0x0000023a35963660 Thread added: 0x0000023a4f5f14c0
Event: 0.093 Thread 0x0000023a35963660 Thread added: 0x0000023a4f5f33b0
Event: 0.093 Thread 0x0000023a35963660 Thread added: 0x0000023a4f5f4900
Event: 0.094 Thread 0x0000023a35963660 Thread added: 0x0000023a4f5f6b10
Event: 0.094 Thread 0x0000023a35963660 Thread added: 0x0000023a4f5fb810
Event: 0.094 Thread 0x0000023a35963660 Thread added: 0x0000023a4f6025a0
Event: 0.130 Thread 0x0000023a35963660 Thread added: 0x0000023a4f9af8f0
Event: 0.133 Thread 0x0000023a35963660 Thread added: 0x0000023a4f9b1d50
Event: 0.140 Loaded shared library C:\Users\User\AppData\Local\Programs\Rider\jbr\bin\net.dll
Event: 0.144 Loaded shared library C:\Users\User\AppData\Local\Programs\Rider\jbr\bin\nio.dll
Event: 0.150 Loaded shared library C:\Users\User\AppData\Local\Programs\Rider\jbr\bin\zip.dll
Event: 0.264 Loaded shared library C:\Users\User\AppData\Local\Programs\Rider\jbr\bin\jimage.dll
Event: 1.180 Loaded shared library C:\Users\User\AppData\Local\Programs\Rider\jbr\bin\sunmscapi.dll
Event: 1.354 Loaded shared library C:\Users\User\AppData\Local\Programs\Rider\jbr\bin\extnet.dll
Event: 1.396 Thread 0x0000023a35963660 Thread added: 0x0000023a4fc7d1b0
Event: 2.226 Thread 0x0000023a4fc7d1b0 Thread added: 0x0000023a950ad390
Event: 2.369 Thread 0x0000023a4fc7d1b0 Thread added: 0x0000023a95020260
Event: 2.732 Thread 0x0000023a4f6025a0 Thread added: 0x0000023a951dfbd0


Dynamic libraries:
0x00007ff7455b0000 - 0x00007ff7455ba000 	C:\Users\User\AppData\Local\Programs\Rider\jbr\bin\java.exe
0x00007ff9d8890000 - 0x00007ff9d8aa7000 	C:\WINDOWS\SYSTEM32\ntdll.dll
0x00007ff9d7ee0000 - 0x00007ff9d7fa4000 	C:\WINDOWS\System32\KERNEL32.DLL
0x00007ff9d5db0000 - 0x00007ff9d6182000 	C:\WINDOWS\System32\KERNELBASE.dll
0x00007ff9d5980000 - 0x00007ff9d5a91000 	C:\WINDOWS\System32\ucrtbase.dll
0x00007ff9bb5c0000 - 0x00007ff9bb5d8000 	C:\Users\User\AppData\Local\Programs\Rider\jbr\bin\jli.dll
0x00007ff9d8600000 - 0x00007ff9d87b1000 	C:\WINDOWS\System32\USER32.dll
0x00007ff9d5d80000 - 0x00007ff9d5da6000 	C:\WINDOWS\System32\win32u.dll
0x00007ff9d7b10000 - 0x00007ff9d7b39000 	C:\WINDOWS\System32\GDI32.dll
0x00007ff9d63f0000 - 0x00007ff9d6513000 	C:\WINDOWS\System32\gdi32full.dll
0x00007ff9d6210000 - 0x00007ff9d62aa000 	C:\WINDOWS\System32\msvcp_win.dll
0x00007ff9cb090000 - 0x00007ff9cb0ab000 	C:\Users\User\AppData\Local\Programs\Rider\jbr\bin\VCRUNTIME140.dll
0x00007ff9c24c0000 - 0x00007ff9c275b000 	C:\WINDOWS\WinSxS\amd64_microsoft.windows.common-controls_6595b64144ccf1df_6.0.22621.5547_none_27104afb73855772\COMCTL32.dll
0x00007ff9d73d0000 - 0x00007ff9d7477000 	C:\WINDOWS\System32\msvcrt.dll
0x00007ff9d7cb0000 - 0x00007ff9d7ce1000 	C:\WINDOWS\System32\IMM32.DLL
0x00007ff9cb0c0000 - 0x00007ff9cb0cc000 	C:\Users\User\AppData\Local\Programs\Rider\jbr\bin\vcruntime140_1.dll
0x00007ff98ddd0000 - 0x00007ff98de5d000 	C:\Users\User\AppData\Local\Programs\Rider\jbr\bin\msvcp140.dll
0x00007ff9701f0000 - 0x00007ff970fb1000 	C:\Users\User\AppData\Local\Programs\Rider\jbr\bin\server\jvm.dll
0x00007ff9d6a00000 - 0x00007ff9d6ab1000 	C:\WINDOWS\System32\ADVAPI32.dll
0x00007ff9d8060000 - 0x00007ff9d8108000 	C:\WINDOWS\System32\sechost.dll
0x00007ff9d5c90000 - 0x00007ff9d5cb8000 	C:\WINDOWS\System32\bcrypt.dll
0x00007ff9d8110000 - 0x00007ff9d8224000 	C:\WINDOWS\System32\RPCRT4.dll
0x00007ff9d7c30000 - 0x00007ff9d7ca1000 	C:\WINDOWS\System32\WS2_32.dll
0x00007ff9d57a0000 - 0x00007ff9d57ed000 	C:\WINDOWS\SYSTEM32\POWRPROF.dll
0x00007ff9cdf80000 - 0x00007ff9cdfb4000 	C:\WINDOWS\SYSTEM32\WINMM.dll
0x00007ff9cd180000 - 0x00007ff9cd18a000 	C:\WINDOWS\SYSTEM32\VERSION.dll
0x00007ff9d5780000 - 0x00007ff9d5793000 	C:\WINDOWS\SYSTEM32\UMPDC.dll
0x00007ff9d4970000 - 0x00007ff9d4988000 	C:\WINDOWS\SYSTEM32\kernel.appcore.dll
0x00007ff9c29c0000 - 0x00007ff9c29ca000 	C:\Users\User\AppData\Local\Programs\Rider\jbr\bin\jimage.dll
0x00007ff9d2b90000 - 0x00007ff9d2dc3000 	C:\WINDOWS\SYSTEM32\DBGHELP.DLL
0x00007ff9d7770000 - 0x00007ff9d7b03000 	C:\WINDOWS\System32\combase.dll
0x00007ff9d7cf0000 - 0x00007ff9d7dc7000 	C:\WINDOWS\System32\OLEAUT32.dll
0x00007ff98d690000 - 0x00007ff98d6c2000 	C:\WINDOWS\SYSTEM32\dbgcore.DLL
0x00007ff9d5c10000 - 0x00007ff9d5c8b000 	C:\WINDOWS\System32\bcryptPrimitives.dll
0x00007ff9c0f60000 - 0x00007ff9c0f80000 	C:\Users\User\AppData\Local\Programs\Rider\jbr\bin\java.dll
0x00007ff9d6ac0000 - 0x00007ff9d7362000 	C:\WINDOWS\System32\SHELL32.dll
0x00007ff9d62b0000 - 0x00007ff9d63ef000 	C:\WINDOWS\System32\wintypes.dll
0x00007ff9d3860000 - 0x00007ff9d417d000 	C:\WINDOWS\SYSTEM32\windows.storage.dll
0x00007ff9d7490000 - 0x00007ff9d759c000 	C:\WINDOWS\System32\SHCORE.dll
0x00007ff9d7b40000 - 0x00007ff9d7ba9000 	C:\WINDOWS\System32\shlwapi.dll
0x00007ff9d58b0000 - 0x00007ff9d58db000 	C:\WINDOWS\SYSTEM32\profapi.dll
0x00007ff9c29b0000 - 0x00007ff9c29c0000 	C:\Users\User\AppData\Local\Programs\Rider\jbr\bin\net.dll
0x00007ff9cc930000 - 0x00007ff9cca5c000 	C:\WINDOWS\SYSTEM32\WINHTTP.dll
0x00007ff9d4de0000 - 0x00007ff9d4e49000 	C:\WINDOWS\system32\mswsock.dll
0x00007ff9be730000 - 0x00007ff9be746000 	C:\Users\User\AppData\Local\Programs\Rider\jbr\bin\nio.dll
0x00007ff9c0ec0000 - 0x00007ff9c0ed8000 	C:\Users\User\AppData\Local\Programs\Rider\jbr\bin\zip.dll
0x00007ff9d5130000 - 0x00007ff9d514b000 	C:\WINDOWS\SYSTEM32\CRYPTSP.dll
0x00007ff9d48d0000 - 0x00007ff9d4907000 	C:\WINDOWS\system32\rsaenh.dll
0x00007ff9d4e80000 - 0x00007ff9d4ea8000 	C:\WINDOWS\SYSTEM32\USERENV.dll
0x00007ff9d5110000 - 0x00007ff9d511c000 	C:\WINDOWS\SYSTEM32\CRYPTBASE.dll
0x00007ff9d43e0000 - 0x00007ff9d440d000 	C:\WINDOWS\SYSTEM32\IPHLPAPI.DLL
0x00007ff9d7480000 - 0x00007ff9d7489000 	C:\WINDOWS\System32\NSI.dll
0x00007ff9c0dc0000 - 0x00007ff9c0dce000 	C:\Users\User\AppData\Local\Programs\Rider\jbr\bin\sunmscapi.dll
0x00007ff9d5aa0000 - 0x00007ff9d5c07000 	C:\WINDOWS\System32\CRYPT32.dll
0x00007ff9d5220000 - 0x00007ff9d524d000 	C:\WINDOWS\SYSTEM32\ncrypt.dll
0x00007ff9d51e0000 - 0x00007ff9d5217000 	C:\WINDOWS\SYSTEM32\NTASN1.dll
0x00007ff9c16e0000 - 0x00007ff9c16e8000 	C:\WINDOWS\system32\wshunix.dll
0x00007ff9bdba0000 - 0x00007ff9bdba9000 	C:\Users\User\AppData\Local\Programs\Rider\jbr\bin\extnet.dll

dbghelp: loaded successfully - version: 4.0.5 - missing functions: none
symbol engine: initialized successfully - sym options: 0x614 - pdb path: .;C:\Users\User\AppData\Local\Programs\Rider\jbr\bin;C:\WINDOWS\SYSTEM32;C:\WINDOWS\WinSxS\amd64_microsoft.windows.common-controls_6595b64144ccf1df_6.0.22621.5547_none_27104afb73855772;C:\Users\User\AppData\Local\Programs\Rider\jbr\bin\server

VM Arguments:
java_command: git4idea.http.GitAskPassApp Password for 'https://fkabreiddy@github.com': 
java_class_path (initial): C:/Users/User/AppData/Local/Programs/Rider/plugins/vcs-git/lib/git4idea-rt.jar;C:/Users/User/AppData/Local/Programs/Rider/lib/externalProcess-rt.jar
Launcher Type: SUN_STANDARD

[Global flags]
     intx CICompilerCount                          = 3                                         {product} {ergonomic}
     uint ConcGCThreads                            = 1                                         {product} {ergonomic}
     uint G1ConcRefinementThreads                  = 4                                         {product} {ergonomic}
   size_t G1HeapRegionSize                         = 1048576                                   {product} {ergonomic}
    uintx GCDrainStackTargetSize                   = 64                                        {product} {ergonomic}
   size_t InitialHeapSize                          = 130023424                                 {product} {ergonomic}
   size_t MarkStackSize                            = 4194304                                   {product} {ergonomic}
   size_t MaxHeapSize                              = 2071986176                                {product} {ergonomic}
   size_t MaxNewSize                               = 1242562560                                {product} {ergonomic}
   size_t MinHeapDeltaBytes                        = 1048576                                   {product} {ergonomic}
   size_t MinHeapSize                              = 8388608                                   {product} {ergonomic}
    uintx NonNMethodCodeHeapSize                   = 5832780                                {pd product} {ergonomic}
    uintx NonProfiledCodeHeapSize                  = 122912730                              {pd product} {ergonomic}
    uintx ProfiledCodeHeapSize                     = 122912730                              {pd product} {ergonomic}
    uintx ReservedCodeCacheSize                    = 251658240                              {pd product} {ergonomic}
     bool SegmentedCodeCache                       = true                                      {product} {ergonomic}
   size_t SoftMaxHeapSize                          = 2071986176                             {manageable} {ergonomic}
     bool UseCompressedOops                        = true                           {product lp64_product} {ergonomic}
     bool UseG1GC                                  = true                                      {product} {ergonomic}
     bool UseLargePagesIndividualAllocation        = false                                  {pd product} {ergonomic}

Logging:
Log output configuration:
 #0: stdout all=warning uptime,level,tags foldmultilines=false
 #1: stderr all=off uptime,level,tags foldmultilines=false

Environment Variables:
PATH=C:/Program Files/Git/mingw64/libexec/git-core;C:/Program Files/Git/mingw64/libexec/git-core;C:\Program Files\Git\mingw64\bin;C:\Program Files\Git\usr\bin;C:\Users\User\bin;C:\Python312\Scripts\;C:\Python312\;C:\WINDOWS\system32;C:\WINDOWS;C:\WINDOWS\System32\Wbem;C:\WINDOWS\System32\WindowsPowerShell\v1.0\;C:\WINDOWS\System32\OpenSSH\;C:\Program Files\dotnet\;C:\Program Files\Microsoft SQL Server\150\Tools\Binn\;C:\Program Files (x86)\Intel\Intel(R) Management Engine Components\DAL;C:\Program Files\Intel\Intel(R) Management Engine Components\DAL;C:\Program Files\Git\cmd;C:\ProgramData\chocolatey\bin;C:\Program Files (x86)\Microsoft SQL Server\160\Tools\Binn\;C:\Program Files\Microsoft SQL Server\160\Tools\Binn\;C:\Program Files\Microsoft SQL Server\Client SDK\ODBC\170\Tools\Binn\;C:\Program Files\Microsoft SQL Server\160\DTS\Binn\;C:\Program Files (x86)\Microsoft SQL Server\160\DTS\Binn\;C:\Program Files\nodejs\;C:\Program Files\PowerShell\7\;c:\Users\User\AppData\Local\Programs\Trae\bin;C:\Users\User\AppData\Local\Microsoft\WindowsApps;C:\Users\User\AppData\Local\Programs\Microsoft VS Code\bin;C:\Users\User\.dotnet\tools;C:\Users\User\AppData\Local\JetBrains\Toolbox\scripts;C:\Users\User\.dotnet\tools;C:\Users\User\AppData\Local\Microsoft\WinGet\Links;C:\Users\User\AppData\Roaming\npm
USERNAME=User
DISPLAY=:0.0
LC_ALL=en_US.UTF-8
TERM=xterm-256color
TMPDIR=C:\Users\User\AppData\Local\Temp
OS=Windows_NT
PROCESSOR_IDENTIFIER=Intel64 Family 6 Model 78 Stepping 3, GenuineIntel
TMP=C:\Users\User\AppData\Local\Temp
TEMP=C:\Users\User\AppData\Local\Temp




Periodic native trim disabled

JNI global refs:
JNI global refs: 19, weak refs: 0

JNI global refs memory usage: 835, weak refs: 833

Process memory usage:
Resident Set Size: 79892K (0% of 8087104K total physical memory with 497488K free physical memory)

OOME stack traces (most recent first):
Classloader memory used:
Loader bootstrap                                                                       : 6916K
Loader jdk.internal.loader.ClassLoaders$PlatformClassLoader                            : 1626K
Loader jdk.internal.loader.ClassLoaders$AppClassLoader                                 : 16400B

---------------  S Y S T E M  ---------------

OS:
 Windows 11 , 64 bit Build 22621 (10.0.22621.5415)
OS uptime: 1 days 4:51 hours
Hyper-V role detected

CPU: total 4 (initial active 4) (2 cores per cpu, 2 threads per core) family 6 model 78 stepping 3 microcode 0xf0, cx8, cmov, fxsr, ht, mmx, 3dnowpref, sse, sse2, sse3, ssse3, sse4.1, sse4.2, popcnt, lzcnt, tsc, tscinvbit, avx, avx2, aes, erms, clmul, bmi1, bmi2, adx, fma, vzeroupper, clflush, clflushopt, hv, rdtscp, f16c
Processor Information for all 4 processors :
  Max Mhz: 2000, Current Mhz: 2000, Mhz Limit: 2000

Memory: 4k page, system-wide physical 7897M (485M free)
TotalPageFile size 9780M (AvailPageFile size 8M)
current process WorkingSet (physical memory assigned to process): 78M, peak: 78M
current process commit charge ("private bytes"): 216M, peak: 217M

vm_info: OpenJDK 64-Bit Server VM (21.0.5+8-b631.16) for windows-amd64 JRE (21.0.5+8-b631.16), built on 2024-11-02 by "builduser" with MS VC++ 16.10 / 16.11 (VS2019)

END.
