#
# There is insufficient memory for the Java Runtime Environment to continue.
# Native memory allocation (mmap) failed to map 130023424 bytes. Error detail: G1 virtual space
# Possible reasons:
#   The system is out of physical RAM or swap space
#   This process is running with CompressedOops enabled, and the Java Heap may be blocking the growth of the native heap
# Possible solutions:
#   Reduce memory load on the system
#   Increase physical memory or swap space
#   Check if swap backing store is full
#   Decrease Java heap size (-Xmx/-Xms)
#   Decrease number of Java threads
#   Decrease Java thread stack sizes (-Xss)
#   Set larger code cache with -XX:ReservedCodeCacheSize=
#   JVM is running with Unscaled Compressed Oops mode in which the Java heap is
#     placed in the first 4GB address space. The Java Heap base address is the
#     maximum limit for the native heap growth. Please use -XX:HeapBaseMinAddress
#     to set the Java Heap base and to place the Java Heap above 4GB virtual address.
# This output file may be truncated or incomplete.
#
#  Out of Memory Error (os_windows.cpp:3828), pid=4184, tid=3988
#
# JRE version:  (21.0.5+8) (build )
# Java VM: OpenJDK 64-Bit Server VM (21.0.5+8-b631.16, mixed mode, sharing, tiered, compressed oops, compressed class ptrs, g1 gc, windows-amd64)
# No core dump will be written. Minidumps are not enabled by default on client versions of Windows
#

---------------  S U M M A R Y ------------

Command Line: git4idea.http.GitAskPassApp Username for 'https://github.com': 

Host: Intel(R) Core(TM) i3-6006U CPU @ 2.00GHz, 4 cores, 7G,  Windows 11 , 64 bit Build 22621 (10.0.22621.5415)
Time: Sat Jun 21 18:16:27 2025 Hora estándar oeste, Sudamérica elapsed time: 0.050664 seconds (0d 0h 0m 0s)

---------------  T H R E A D  ---------------

Current thread (0x000001b261ec3760):  JavaThread "Unknown thread" [_thread_in_vm, id=3988, stack(0x0000006d24200000,0x0000006d24300000) (1024K)]

Stack: [0x0000006d24200000,0x0000006d24300000]
Native frames: (J=compiled Java code, j=interpreted, Vv=VM code, C=native code)
V  [jvm.dll+0x6e52b9]
V  [jvm.dll+0x8c3633]
V  [jvm.dll+0x8c5b8e]
V  [jvm.dll+0x8c6273]
V  [jvm.dll+0x288f46]
V  [jvm.dll+0x6e1a35]
V  [jvm.dll+0x6d5e3a]
V  [jvm.dll+0x3634bb]
V  [jvm.dll+0x36b086]
V  [jvm.dll+0x3bd346]
V  [jvm.dll+0x3bd618]
V  [jvm.dll+0x335c2c]
V  [jvm.dll+0x33691b]
V  [jvm.dll+0x88aa89]
V  [jvm.dll+0x3ca518]
V  [jvm.dll+0x873b98]
V  [jvm.dll+0x45eede]
V  [jvm.dll+0x460bc1]
C  [jli.dll+0x52ab]
C  [ucrtbase.dll+0x29333]
C  [KERNEL32.DLL+0x1259d]
C  [ntdll.dll+0x5af78]


---------------  P R O C E S S  ---------------

Threads class SMR info:
_java_thread_list=0x00007ff9822da148, length=0, elements={
}

Java Threads: ( => current thread )
Total: 0

Other Threads:
  0x000001b264012200 WorkerThread "GC Thread#0"                     [id=15772, stack(0x0000006d24300000,0x0000006d24400000) (1024K)]
  0x000001b2640228e0 ConcurrentGCThread "G1 Main Marker"            [id=6576, stack(0x0000006d24400000,0x0000006d24500000) (1024K)]
  0x000001b264024750 WorkerThread "G1 Conc#0"                       [id=9532, stack(0x0000006d24500000,0x0000006d24600000) (1024K)]

[error occurred during error reporting (printing all threads), id 0xc0000005, EXCEPTION_ACCESS_VIOLATION (0xc0000005) at pc=0x00007ff9819c8ce7]
VM state: not at safepoint (not fully initialized)

VM Mutex/Monitor currently owned by a thread:  ([mutex/lock_event])
[0x00007ff98234eb30] Heap_lock - owner thread: 0x000001b261ec3760

Heap address: 0x0000000084800000, size: 1976 MB, Compressed Oops mode: 32-bit

CDS archive(s) mapped at: [0x0000000000000000-0x0000000000000000-0x0000000000000000), size 0, SharedBaseAddress: 0x0000000800000000, ArchiveRelocationMode: 1.
Narrow klass base: 0x0000000000000000, Narrow klass shift: 0, Narrow klass range: 0x0

GC Precious Log:
 CardTable entry size: 512
 Card Set container configuration: InlinePtr #cards 5 size 8 Array Of Cards #cards 12 size 40 Howl #buckets 4 coarsen threshold 1843 Howl Bitmap #cards 512 size 80 coarsen threshold 460 Card regions per heap region 1 cards per card region 2048

Heap:
 garbage-first heap   total 0K, used 0K [0x0000000084800000, 0x0000000100000000)
  region size 1024K, 0 young (0K), 0 survivors (0K)
 Metaspace       used 0K, committed 0K, reserved 0K
  class space    used 0K, committed 0K, reserved 0K

Heap Regions: E=young(eden), S=young(survivor), O=old, HS=humongous(starts), HC=humongous(continues), CS=collection set, F=free, TAMS=top-at-mark-start, PB=parsable bottom

Card table byte_map: [0x000001b277330000,0x000001b277710000] _byte_map_base: 0x000001b276f0c000

Marking Bits: (CMBitMap*) 0x000001b264012900
 Bits: [0x000001b277710000, 0x000001b2795f0000)

GC Heap History (0 events):
No events

Dll operation events (1 events):
Event: 0.028 Loaded shared library C:\Users\User\AppData\Local\Programs\Rider\jbr\bin\java.dll

Deoptimization events (0 events):
No events

Classes loaded (0 events):
No events

Classes unloaded (0 events):
No events

Classes redefined (0 events):
No events

Internal exceptions (0 events):
No events

ZGC Phase Switch (0 events):
No events

VM Operations (0 events):
No events

Memory protections (0 events):
No events

Nmethod flushes (0 events):
No events

Events (0 events):
No events


Dynamic libraries:
0x00007ff664990000 - 0x00007ff66499a000 	C:\Users\User\AppData\Local\Programs\Rider\jbr\bin\java.exe
0x00007ff9f5d10000 - 0x00007ff9f5f27000 	C:\WINDOWS\SYSTEM32\ntdll.dll
0x00007ff9f4e20000 - 0x00007ff9f4ee4000 	C:\WINDOWS\System32\KERNEL32.DLL
0x00007ff9f32c0000 - 0x00007ff9f3692000 	C:\WINDOWS\System32\KERNELBASE.dll
0x00007ff9f2e80000 - 0x00007ff9f2f91000 	C:\WINDOWS\System32\ucrtbase.dll
0x00007ff9b2d10000 - 0x00007ff9b2d28000 	C:\Users\User\AppData\Local\Programs\Rider\jbr\bin\jli.dll
0x00007ff9ec940000 - 0x00007ff9ec95b000 	C:\Users\User\AppData\Local\Programs\Rider\jbr\bin\VCRUNTIME140.dll
0x00007ff9f4b30000 - 0x00007ff9f4ce1000 	C:\WINDOWS\System32\USER32.dll
0x00007ff9f36d0000 - 0x00007ff9f36f6000 	C:\WINDOWS\System32\win32u.dll
0x00007ff9dd8a0000 - 0x00007ff9ddb3b000 	C:\WINDOWS\WinSxS\amd64_microsoft.windows.common-controls_6595b64144ccf1df_6.0.22621.5415_none_270d77d17387d7da\COMCTL32.dll
0x00007ff9f4d70000 - 0x00007ff9f4d99000 	C:\WINDOWS\System32\GDI32.dll
0x00007ff9f2fa0000 - 0x00007ff9f30c3000 	C:\WINDOWS\System32\gdi32full.dll
0x00007ff9f37c0000 - 0x00007ff9f385a000 	C:\WINDOWS\System32\msvcp_win.dll
0x00007ff9f5260000 - 0x00007ff9f5307000 	C:\WINDOWS\System32\msvcrt.dll
0x00007ff9f5030000 - 0x00007ff9f5061000 	C:\WINDOWS\System32\IMM32.DLL
0x00007ff9ec900000 - 0x00007ff9ec90c000 	C:\Users\User\AppData\Local\Programs\Rider\jbr\bin\vcruntime140_1.dll
0x00007ff9a6a70000 - 0x00007ff9a6afd000 	C:\Users\User\AppData\Local\Programs\Rider\jbr\bin\msvcp140.dll
0x00007ff981680000 - 0x00007ff982441000 	C:\Users\User\AppData\Local\Programs\Rider\jbr\bin\server\jvm.dll
0x00007ff9f4ef0000 - 0x00007ff9f4fa1000 	C:\WINDOWS\System32\ADVAPI32.dll
0x00007ff9f5460000 - 0x00007ff9f5508000 	C:\WINDOWS\System32\sechost.dll
0x00007ff9f36a0000 - 0x00007ff9f36c8000 	C:\WINDOWS\System32\bcrypt.dll
0x00007ff9f5070000 - 0x00007ff9f5184000 	C:\WINDOWS\System32\RPCRT4.dll
0x00007ff9f4da0000 - 0x00007ff9f4e11000 	C:\WINDOWS\System32\WS2_32.dll
0x00007ff9f2cd0000 - 0x00007ff9f2d1d000 	C:\WINDOWS\SYSTEM32\POWRPROF.dll
0x00007ff9eb590000 - 0x00007ff9eb5c4000 	C:\WINDOWS\SYSTEM32\WINMM.dll
0x00007ff9ea0f0000 - 0x00007ff9ea0fa000 	C:\WINDOWS\SYSTEM32\VERSION.dll
0x00007ff9f2cb0000 - 0x00007ff9f2cc3000 	C:\WINDOWS\SYSTEM32\UMPDC.dll
0x00007ff9f1df0000 - 0x00007ff9f1e08000 	C:\WINDOWS\SYSTEM32\kernel.appcore.dll
0x00007ff9ec8f0000 - 0x00007ff9ec8fa000 	C:\Users\User\AppData\Local\Programs\Rider\jbr\bin\jimage.dll
0x00007ff9f04b0000 - 0x00007ff9f06e3000 	C:\WINDOWS\SYSTEM32\DBGHELP.DLL
0x00007ff9f3cd0000 - 0x00007ff9f4063000 	C:\WINDOWS\System32\combase.dll
0x00007ff9f5380000 - 0x00007ff9f5457000 	C:\WINDOWS\System32\OLEAUT32.dll
0x00007ff9dfed0000 - 0x00007ff9dff02000 	C:\WINDOWS\SYSTEM32\dbgcore.DLL
0x00007ff9f2e00000 - 0x00007ff9f2e7b000 	C:\WINDOWS\System32\bcryptPrimitives.dll
0x00007ff9ec240000 - 0x00007ff9ec260000 	C:\Users\User\AppData\Local\Programs\Rider\jbr\bin\java.dll

dbghelp: loaded successfully - version: 4.0.5 - missing functions: none
symbol engine: initialized successfully - sym options: 0x614 - pdb path: .;C:\Users\User\AppData\Local\Programs\Rider\jbr\bin;C:\WINDOWS\SYSTEM32;C:\WINDOWS\WinSxS\amd64_microsoft.windows.common-controls_6595b64144ccf1df_6.0.22621.5415_none_270d77d17387d7da;C:\Users\User\AppData\Local\Programs\Rider\jbr\bin\server

VM Arguments:
java_command: git4idea.http.GitAskPassApp Username for 'https://github.com': 
java_class_path (initial): C:/Users/User/AppData/Local/Programs/Rider/plugins/vcs-git/lib/git4idea-rt.jar;C:/Users/User/AppData/Local/Programs/Rider/lib/externalProcess-rt.jar
Launcher Type: SUN_STANDARD

[Global flags]
     intx CICompilerCount                          = 3                                         {product} {ergonomic}
     uint ConcGCThreads                            = 1                                         {product} {ergonomic}
     uint G1ConcRefinementThreads                  = 4                                         {product} {ergonomic}
   size_t G1HeapRegionSize                         = 1048576                                   {product} {ergonomic}
    uintx GCDrainStackTargetSize                   = 64                                        {product} {ergonomic}
   size_t InitialHeapSize                          = 130023424                                 {product} {ergonomic}
   size_t MarkStackSize                            = 4194304                                   {product} {ergonomic}
   size_t MaxHeapSize                              = 2071986176                                {product} {ergonomic}
   size_t MinHeapDeltaBytes                        = 1048576                                   {product} {ergonomic}
   size_t MinHeapSize                              = 8388608                                   {product} {ergonomic}
    uintx NonNMethodCodeHeapSize                   = 5832780                                {pd product} {ergonomic}
    uintx NonProfiledCodeHeapSize                  = 122912730                              {pd product} {ergonomic}
    uintx ProfiledCodeHeapSize                     = 122912730                              {pd product} {ergonomic}
    uintx ReservedCodeCacheSize                    = 251658240                              {pd product} {ergonomic}
     bool SegmentedCodeCache                       = true                                      {product} {ergonomic}
   size_t SoftMaxHeapSize                          = 2071986176                             {manageable} {ergonomic}
     bool UseCompressedOops                        = true                           {product lp64_product} {ergonomic}
     bool UseG1GC                                  = true                                      {product} {ergonomic}
     bool UseLargePagesIndividualAllocation        = false                                  {pd product} {ergonomic}

Logging:
Log output configuration:
 #0: stdout all=warning uptime,level,tags foldmultilines=false
 #1: stderr all=off uptime,level,tags foldmultilines=false

Environment Variables:
PATH=C:/Program Files/Git/mingw64/libexec/git-core;C:/Program Files/Git/mingw64/libexec/git-core;C:\Program Files\Git\mingw64\bin;C:\Program Files\Git\usr\bin;C:\Users\User\bin;C:\Python312\Scripts\;C:\Python312\;C:\WINDOWS\system32;C:\WINDOWS;C:\WINDOWS\System32\Wbem;C:\WINDOWS\System32\WindowsPowerShell\v1.0\;C:\WINDOWS\System32\OpenSSH\;C:\Program Files\dotnet\;C:\Program Files\Microsoft SQL Server\150\Tools\Binn\;C:\Program Files (x86)\Intel\Intel(R) Management Engine Components\DAL;C:\Program Files\Intel\Intel(R) Management Engine Components\DAL;C:\Program Files\Git\cmd;C:\ProgramData\chocolatey\bin;C:\Program Files (x86)\Microsoft SQL Server\160\Tools\Binn\;C:\Program Files\Microsoft SQL Server\160\Tools\Binn\;C:\Program Files\Microsoft SQL Server\Client SDK\ODBC\170\Tools\Binn\;C:\Program Files\Microsoft SQL Server\160\DTS\Binn\;C:\Program Files (x86)\Microsoft SQL Server\160\DTS\Binn\;C:\Program Files\nodejs\;C:\Program Files\PowerShell\7\;c:\Users\User\AppData\Local\Programs\Trae\bin;C:\Users\User\AppData\Local\Microsoft\WindowsApps;C:\Users\User\AppData\Local\Programs\Microsoft VS Code\bin;C:\Users\User\.dotnet\tools;C:\Users\User\AppData\Local\JetBrains\Toolbox\scripts;C:\Users\User\.dotnet\tools;C:\Users\User\AppData\Local\Microsoft\WinGet\Links;C:\Users\User\AppData\Roaming\npm
USERNAME=User
DISPLAY=:0.0
LC_ALL=en_US.UTF-8
TERM=xterm-256color
TMPDIR=C:\Users\User\AppData\Local\Temp
OS=Windows_NT
PROCESSOR_IDENTIFIER=Intel64 Family 6 Model 78 Stepping 3, GenuineIntel
TMP=C:\Users\User\AppData\Local\Temp
TEMP=C:\Users\User\AppData\Local\Temp




Periodic native trim disabled

JNI global refs:
JNI global refs: 0, weak refs: 0

JNI global refs memory usage: 0, weak refs: 0

Process memory usage:
Resident Set Size: 12144K (0% of 8087104K total physical memory with 332264K free physical memory)

OOME stack traces (most recent first):
Classloader memory used:

---------------  S Y S T E M  ---------------

OS:
 Windows 11 , 64 bit Build 22621 (10.0.22621.5415)
OS uptime: 5 days 9:10 hours
Hyper-V role detected

CPU: total 4 (initial active 4) (2 cores per cpu, 2 threads per core) family 6 model 78 stepping 3 microcode 0xf0, cx8, cmov, fxsr, ht, mmx, 3dnowpref, sse, sse2, sse3, ssse3, sse4.1, sse4.2, popcnt, lzcnt, tsc, tscinvbit, avx, avx2, aes, erms, clmul, bmi1, bmi2, adx, fma, vzeroupper, clflush, clflushopt, hv, rdtscp, f16c
Processor Information for all 4 processors :
  Max Mhz: 2000, Current Mhz: 2000, Mhz Limit: 2000

Memory: 4k page, system-wide physical 7897M (324M free)
TotalPageFile size 9780M (AvailPageFile size 16M)
current process WorkingSet (physical memory assigned to process): 11M, peak: 11M
current process commit charge ("private bytes"): 52M, peak: 175M

vm_info: OpenJDK 64-Bit Server VM (21.0.5+8-b631.16) for windows-amd64 JRE (21.0.5+8-b631.16), built on 2024-11-02 by "builduser" with MS VC++ 16.10 / 16.11 (VS2019)

END.
