#
# There is insufficient memory for the Java Runtime Environment to continue.
# Native memory allocation (malloc) failed to allocate 1048576 bytes. Error detail: AllocateHeap
# Possible reasons:
#   The system is out of physical RAM or swap space
#   This process is running with CompressedOops enabled, and the Java Heap may be blocking the growth of the native heap
# Possible solutions:
#   Reduce memory load on the system
#   Increase physical memory or swap space
#   Check if swap backing store is full
#   Decrease Java heap size (-Xmx/-Xms)
#   Decrease number of Java threads
#   Decrease Java thread stack sizes (-Xss)
#   Set larger code cache with -XX:ReservedCodeCacheSize=
#   JVM is running with Unscaled Compressed Oops mode in which the Java heap is
#     placed in the first 4GB address space. The Java Heap base address is the
#     maximum limit for the native heap growth. Please use -XX:HeapBaseMinAddress
#     to set the Java Heap base and to place the Java Heap above 4GB virtual address.
# This output file may be truncated or incomplete.
#
#  Out of Memory Error (allocation.cpp:44), pid=6612, tid=10540
#
# JRE version:  (21.0.5+8) (build )
# Java VM: OpenJDK 64-Bit Server VM (21.0.5+8-b631.16, mixed mode, sharing, tiered, compressed oops, compressed class ptrs, g1 gc, windows-amd64)
# No core dump will be written. Minidumps are not enabled by default on client versions of Windows
#

---------------  S U M M A R Y ------------

Command Line: git4idea.http.GitAskPassApp Username for 'https://github.com': 

Host: Intel(R) Core(TM) i3-6006U CPU @ 2.00GHz, 4 cores, 7G,  Windows 11 , 64 bit Build 22621 (10.0.22621.5415)
Time: Wed Jul 16 15:43:10 2025 Hora estándar oeste, Sudamérica elapsed time: 0.057595 seconds (0d 0h 0m 0s)

---------------  T H R E A D  ---------------

Current thread (0x0000021dd0f731f0):  JavaThread "Unknown thread" [_thread_in_vm, id=10540, stack(0x00000045f1f00000,0x00000045f2000000) (1024K)]

Stack: [0x00000045f1f00000,0x00000045f2000000]
Native frames: (J=compiled Java code, j=interpreted, Vv=VM code, C=native code)
V  [jvm.dll+0x6e52b9]
V  [jvm.dll+0x8c3633]
V  [jvm.dll+0x8c5b8e]
V  [jvm.dll+0x8c6273]
V  [jvm.dll+0x288f46]
V  [jvm.dll+0xc0e57]
V  [jvm.dll+0x3339c5]
V  [jvm.dll+0x88aa4d]
V  [jvm.dll+0x3ca518]
V  [jvm.dll+0x873b98]
V  [jvm.dll+0x45eede]
V  [jvm.dll+0x460bc1]
C  [jli.dll+0x52ab]
C  [ucrtbase.dll+0x29333]
C  [KERNEL32.DLL+0x1259d]
C  [ntdll.dll+0x5af78]


---------------  P R O C E S S  ---------------

Threads class SMR info:
_java_thread_list=0x00007ff975a8a148, length=0, elements={
}

Java Threads: ( => current thread )
Total: 0

Other Threads:

=>0x0000021dd0f731f0 (exited) JavaThread "Unknown thread"    [_thread_in_vm, id=10540, stack(0x00000045f1f00000,0x00000045f2000000) (1024K)]
Total: 1

Threads with active compile tasks:
Total: 0

VM state: not at safepoint (not fully initialized)

VM Mutex/Monitor currently owned by a thread: None

Heap address: 0x0000000000000000, size: 0 MB, Compressed Oops mode: 32-bit

CDS archive(s) mapped at: [0x0000000000000000-0x0000000000000000-0x0000000000000000), size 0, SharedBaseAddress: 0x0000000800000000, ArchiveRelocationMode: 1.
Narrow klass base: 0x0000000000000000, Narrow klass shift: 0, Narrow klass range: 0x0

GC Precious Log:
 CardTable entry size: 512
 Card Set container configuration: InlinePtr #cards 5 size 8 Array Of Cards #cards 12 size 40 Howl #buckets 4 coarsen threshold 1843 Howl Bitmap #cards 512 size 80 coarsen threshold 460 Card regions per heap region 1 cards per card region 2048

GC Heap History (0 events):
No events

Dll operation events (1 events):
Event: 0.040 Loaded shared library C:\Users\User\AppData\Local\Programs\Rider\jbr\bin\java.dll

Deoptimization events (0 events):
No events

Classes loaded (0 events):
No events

Classes unloaded (0 events):
No events

Classes redefined (0 events):
No events

Internal exceptions (0 events):
No events

ZGC Phase Switch (0 events):
No events

VM Operations (0 events):
No events

Memory protections (0 events):
No events

Nmethod flushes (0 events):
No events

Events (0 events):
No events


Dynamic libraries:
0x00007ff77a590000 - 0x00007ff77a59a000 	C:\Users\User\AppData\Local\Programs\Rider\jbr\bin\java.exe
0x00007ff9d8890000 - 0x00007ff9d8aa7000 	C:\WINDOWS\SYSTEM32\ntdll.dll
0x00007ff9d7ee0000 - 0x00007ff9d7fa4000 	C:\WINDOWS\System32\KERNEL32.DLL
0x00007ff9d5db0000 - 0x00007ff9d6182000 	C:\WINDOWS\System32\KERNELBASE.dll
0x00007ff9d5980000 - 0x00007ff9d5a91000 	C:\WINDOWS\System32\ucrtbase.dll
0x00007ff9cb090000 - 0x00007ff9cb0ab000 	C:\Users\User\AppData\Local\Programs\Rider\jbr\bin\VCRUNTIME140.dll
0x00007ff97fb70000 - 0x00007ff97fb88000 	C:\Users\User\AppData\Local\Programs\Rider\jbr\bin\jli.dll
0x00007ff9d8600000 - 0x00007ff9d87b1000 	C:\WINDOWS\System32\USER32.dll
0x00007ff9d5d80000 - 0x00007ff9d5da6000 	C:\WINDOWS\System32\win32u.dll
0x00007ff9d7b10000 - 0x00007ff9d7b39000 	C:\WINDOWS\System32\GDI32.dll
0x00007ff9d63f0000 - 0x00007ff9d6513000 	C:\WINDOWS\System32\gdi32full.dll
0x00007ff9d6210000 - 0x00007ff9d62aa000 	C:\WINDOWS\System32\msvcp_win.dll
0x00007ff9c24c0000 - 0x00007ff9c275b000 	C:\WINDOWS\WinSxS\amd64_microsoft.windows.common-controls_6595b64144ccf1df_6.0.22621.5547_none_27104afb73855772\COMCTL32.dll
0x00007ff9d73d0000 - 0x00007ff9d7477000 	C:\WINDOWS\System32\msvcrt.dll
0x00007ff9d7cb0000 - 0x00007ff9d7ce1000 	C:\WINDOWS\System32\IMM32.DLL
0x00007ff9cb0d0000 - 0x00007ff9cb0dc000 	C:\Users\User\AppData\Local\Programs\Rider\jbr\bin\vcruntime140_1.dll
0x00007ff97ad80000 - 0x00007ff97ae0d000 	C:\Users\User\AppData\Local\Programs\Rider\jbr\bin\msvcp140.dll
0x00007ff974e30000 - 0x00007ff975bf1000 	C:\Users\User\AppData\Local\Programs\Rider\jbr\bin\server\jvm.dll
0x00007ff9d6a00000 - 0x00007ff9d6ab1000 	C:\WINDOWS\System32\ADVAPI32.dll
0x00007ff9d8060000 - 0x00007ff9d8108000 	C:\WINDOWS\System32\sechost.dll
0x00007ff9d5c90000 - 0x00007ff9d5cb8000 	C:\WINDOWS\System32\bcrypt.dll
0x00007ff9d8110000 - 0x00007ff9d8224000 	C:\WINDOWS\System32\RPCRT4.dll
0x00007ff9d7c30000 - 0x00007ff9d7ca1000 	C:\WINDOWS\System32\WS2_32.dll
0x00007ff9d57a0000 - 0x00007ff9d57ed000 	C:\WINDOWS\SYSTEM32\POWRPROF.dll
0x00007ff9cdf80000 - 0x00007ff9cdfb4000 	C:\WINDOWS\SYSTEM32\WINMM.dll
0x00007ff9cd180000 - 0x00007ff9cd18a000 	C:\WINDOWS\SYSTEM32\VERSION.dll
0x00007ff9d5780000 - 0x00007ff9d5793000 	C:\WINDOWS\SYSTEM32\UMPDC.dll
0x00007ff9d4970000 - 0x00007ff9d4988000 	C:\WINDOWS\SYSTEM32\kernel.appcore.dll
0x00007ff9cb0c0000 - 0x00007ff9cb0ca000 	C:\Users\User\AppData\Local\Programs\Rider\jbr\bin\jimage.dll
0x00007ff9d2b90000 - 0x00007ff9d2dc3000 	C:\WINDOWS\SYSTEM32\DBGHELP.DLL
0x00007ff9d7770000 - 0x00007ff9d7b03000 	C:\WINDOWS\System32\combase.dll
0x00007ff9d7cf0000 - 0x00007ff9d7dc7000 	C:\WINDOWS\System32\OLEAUT32.dll
0x00007ff98d690000 - 0x00007ff98d6c2000 	C:\WINDOWS\SYSTEM32\dbgcore.DLL
0x00007ff9d5c10000 - 0x00007ff9d5c8b000 	C:\WINDOWS\System32\bcryptPrimitives.dll
0x00007ff9c29b0000 - 0x00007ff9c29d0000 	C:\Users\User\AppData\Local\Programs\Rider\jbr\bin\java.dll

dbghelp: loaded successfully - version: 4.0.5 - missing functions: none
symbol engine: initialized successfully - sym options: 0x614 - pdb path: .;C:\Users\User\AppData\Local\Programs\Rider\jbr\bin;C:\WINDOWS\SYSTEM32;C:\WINDOWS\WinSxS\amd64_microsoft.windows.common-controls_6595b64144ccf1df_6.0.22621.5547_none_27104afb73855772;C:\Users\User\AppData\Local\Programs\Rider\jbr\bin\server

VM Arguments:
java_command: git4idea.http.GitAskPassApp Username for 'https://github.com': 
java_class_path (initial): C:/Users/User/AppData/Local/Programs/Rider/plugins/vcs-git/lib/git4idea-rt.jar;C:/Users/User/AppData/Local/Programs/Rider/lib/externalProcess-rt.jar
Launcher Type: SUN_STANDARD

[Global flags]
     intx CICompilerCount                          = 3                                         {product} {ergonomic}
     uint ConcGCThreads                            = 1                                         {product} {ergonomic}
     uint G1ConcRefinementThreads                  = 4                                         {product} {ergonomic}
   size_t G1HeapRegionSize                         = 1048576                                   {product} {ergonomic}
    uintx GCDrainStackTargetSize                   = 64                                        {product} {ergonomic}
   size_t InitialHeapSize                          = 130023424                                 {product} {ergonomic}
   size_t MarkStackSize                            = 4194304                                   {product} {ergonomic}
   size_t MaxHeapSize                              = 2071986176                                {product} {ergonomic}
   size_t MinHeapDeltaBytes                        = 1048576                                   {product} {ergonomic}
   size_t MinHeapSize                              = 8388608                                   {product} {ergonomic}
    uintx NonNMethodCodeHeapSize                   = 5832780                                {pd product} {ergonomic}
    uintx NonProfiledCodeHeapSize                  = 122912730                              {pd product} {ergonomic}
    uintx ProfiledCodeHeapSize                     = 122912730                              {pd product} {ergonomic}
    uintx ReservedCodeCacheSize                    = 251658240                              {pd product} {ergonomic}
     bool SegmentedCodeCache                       = true                                      {product} {ergonomic}
   size_t SoftMaxHeapSize                          = 2071986176                             {manageable} {ergonomic}
     bool UseCompressedOops                        = true                           {product lp64_product} {ergonomic}
     bool UseG1GC                                  = true                                      {product} {ergonomic}
     bool UseLargePagesIndividualAllocation        = false                                  {pd product} {ergonomic}

Logging:
Log output configuration:
 #0: stdout all=warning uptime,level,tags foldmultilines=false
 #1: stderr all=off uptime,level,tags foldmultilines=false

Environment Variables:
PATH=C:/Program Files/Git/mingw64/libexec/git-core;C:/Program Files/Git/mingw64/libexec/git-core;C:\Program Files\Git\mingw64\bin;C:\Program Files\Git\usr\bin;C:\Users\User\bin;C:\Python312\Scripts\;C:\Python312\;C:\WINDOWS\system32;C:\WINDOWS;C:\WINDOWS\System32\Wbem;C:\WINDOWS\System32\WindowsPowerShell\v1.0\;C:\WINDOWS\System32\OpenSSH\;C:\Program Files\dotnet\;C:\Program Files\Microsoft SQL Server\150\Tools\Binn\;C:\Program Files (x86)\Intel\Intel(R) Management Engine Components\DAL;C:\Program Files\Intel\Intel(R) Management Engine Components\DAL;C:\Program Files\Git\cmd;C:\ProgramData\chocolatey\bin;C:\Program Files (x86)\Microsoft SQL Server\160\Tools\Binn\;C:\Program Files\Microsoft SQL Server\160\Tools\Binn\;C:\Program Files\Microsoft SQL Server\Client SDK\ODBC\170\Tools\Binn\;C:\Program Files\Microsoft SQL Server\160\DTS\Binn\;C:\Program Files (x86)\Microsoft SQL Server\160\DTS\Binn\;C:\Program Files\nodejs\;C:\Program Files\PowerShell\7\;c:\Users\User\AppData\Local\Programs\Trae\bin;C:\Users\User\AppData\Local\Microsoft\WindowsApps;C:\Users\User\AppData\Local\Programs\Microsoft VS Code\bin;C:\Users\User\.dotnet\tools;C:\Users\User\AppData\Local\JetBrains\Toolbox\scripts;C:\Users\User\.dotnet\tools;C:\Users\User\AppData\Local\Microsoft\WinGet\Links;C:\Users\User\AppData\Roaming\npm;C:\Users\User\.dotnet\tools
USERNAME=User
DISPLAY=:0.0
LC_ALL=en_US.UTF-8
TERM=xterm-256color
TMPDIR=C:\Users\User\AppData\Local\Temp
OS=Windows_NT
PROCESSOR_IDENTIFIER=Intel64 Family 6 Model 78 Stepping 3, GenuineIntel
TMP=C:\Users\User\AppData\Local\Temp
TEMP=C:\Users\User\AppData\Local\Temp




Periodic native trim disabled

JNI global refs:
JNI global refs: 0, weak refs: 0

JNI global refs memory usage: 0, weak refs: 0

Process memory usage:
Resident Set Size: 11032K (0% of 8087104K total physical memory with 117964K free physical memory)

OOME stack traces (most recent first):
Classloader memory used:

---------------  S Y S T E M  ---------------

OS:
 Windows 11 , 64 bit Build 22621 (10.0.22621.5415)
OS uptime: 1 days 21:23 hours
Hyper-V role detected

CPU: total 4 (initial active 4) (2 cores per cpu, 2 threads per core) family 6 model 78 stepping 3 microcode 0xf0, cx8, cmov, fxsr, ht, mmx, 3dnowpref, sse, sse2, sse3, ssse3, sse4.1, sse4.2, popcnt, lzcnt, tsc, tscinvbit, avx, avx2, aes, erms, clmul, bmi1, bmi2, adx, fma, vzeroupper, clflush, clflushopt, hv, rdtscp, f16c
Processor Information for all 4 processors :
  Max Mhz: 2000, Current Mhz: 2000, Mhz Limit: 2000

Memory: 4k page, system-wide physical 7897M (115M free)
TotalPageFile size 9780M (AvailPageFile size 5M)
current process WorkingSet (physical memory assigned to process): 10M, peak: 10M
current process commit charge ("private bytes"): 14M, peak: 15M

vm_info: OpenJDK 64-Bit Server VM (21.0.5+8-b631.16) for windows-amd64 JRE (21.0.5+8-b631.16), built on 2024-11-02 by "builduser" with MS VC++ 16.10 / 16.11 (VS2019)

END.
